<?xml version="1.0" encoding="UTF-8"?>
<testsuite xmlns:xsi="http://www.w3.org/2001/XMLSchema-instance" xsi:noNamespaceSchemaLocation="https://maven.apache.org/surefire/maven-surefire-plugin/xsd/surefire-test-report-3.0.xsd" version="3.0" name="org.acme.GreetingResourceTest" time="5.063" tests="1" errors="1" skipped="0" failures="0">
  <properties>
    <property name="java.specification.version" value="18"/>
    <property name="sun.cpu.isalist" value="amd64"/>
    <property name="sun.jnu.encoding" value="Cp1252"/>
    <property name="java.class.path" value="C:\Users\enganga\Quarkus Projects\Java-Quarkus-Reactive-CQRS-EventSourcing\target\test-classes;C:\Users\enganga\Quarkus Projects\Java-Quarkus-Reactive-CQRS-EventSourcing\target\classes;C:\Users\enganga\.m2\repository\io\opentracing\contrib\opentracing-kafka-client\0.1.15\opentracing-kafka-client-0.1.15.jar;C:\Users\enganga\.m2\repository\io\opentracing\opentracing-api\0.33.0\opentracing-api-0.33.0.jar;C:\Users\enganga\.m2\repository\io\opentracing\opentracing-util\0.33.0\opentracing-util-0.33.0.jar;C:\Users\enganga\.m2\repository\io\opentracing\opentracing-noop\0.33.0\opentracing-noop-0.33.0.jar;C:\Users\enganga\.m2\repository\io\opentracing\contrib\opentracing-mongo-common\0.1.5\opentracing-mongo-common-0.1.5.jar;C:\Users\enganga\.m2\repository\io\quarkus\quarkus-micrometer-registry-prometheus\2.7.5.Final\quarkus-micrometer-registry-prometheus-2.7.5.Final.jar;C:\Users\enganga\.m2\repository\io\quarkus\quarkus-core\2.7.5.Final\quarkus-core-2.7.5.Final.jar;C:\Users\enganga\.m2\repository\io\quarkus\quarkus-ide-launcher\2.7.5.Final\quarkus-ide-launcher-2.7.5.Final.jar;C:\Users\enganga\.m2\repository\io\quarkus\quarkus-development-mode-spi\2.7.5.Final\quarkus-development-mode-spi-2.7.5.Final.jar;C:\Users\enganga\.m2\repository\io\smallrye\config\smallrye-config\2.9.1\smallrye-config-2.9.1.jar;C:\Users\enganga\.m2\repository\io\smallrye\config\smallrye-config-core\2.9.1\smallrye-config-core-2.9.1.jar;C:\Users\enganga\.m2\repository\io\smallrye\common\smallrye-common-expression\1.10.0\smallrye-common-expression-1.10.0.jar;C:\Users\enganga\.m2\repository\io\smallrye\common\smallrye-common-function\1.10.0\smallrye-common-function-1.10.0.jar;C:\Users\enganga\.m2\repository\io\smallrye\common\smallrye-common-classloader\1.10.0\smallrye-common-classloader-1.10.0.jar;C:\Users\enganga\.m2\repository\io\smallrye\config\smallrye-config-common\2.9.1\smallrye-config-common-2.9.1.jar;C:\Users\enganga\.m2\repository\org\jboss\logging\jboss-logging\3.4.3.Final\jboss-logging-3.4.3.Final.jar;C:\Users\enganga\.m2\repository\org\jboss\logmanager\jboss-logmanager-embedded\1.0.9\jboss-logmanager-embedded-1.0.9.jar;C:\Users\enganga\.m2\repository\org\jboss\logging\jboss-logging-annotations\2.2.1.Final\jboss-logging-annotations-2.2.1.Final.jar;C:\Users\enganga\.m2\repository\org\jboss\threads\jboss-threads\3.4.2.Final\jboss-threads-3.4.2.Final.jar;C:\Users\enganga\.m2\repository\org\slf4j\slf4j-api\1.7.33\slf4j-api-1.7.33.jar;C:\Users\enganga\.m2\repository\org\graalvm\sdk\graal-sdk\21.3.1\graal-sdk-21.3.1.jar;C:\Users\enganga\.m2\repository\org\wildfly\common\wildfly-common\1.5.4.Final-format-001\wildfly-common-1.5.4.Final-format-001.jar;C:\Users\enganga\.m2\repository\io\quarkus\quarkus-bootstrap-runner\2.7.5.Final\quarkus-bootstrap-runner-2.7.5.Final.jar;C:\Users\enganga\.m2\repository\io\quarkus\quarkus-fs-util\0.0.9\quarkus-fs-util-0.0.9.jar;C:\Users\enganga\.m2\repository\io\micrometer\micrometer-registry-prometheus\1.8.3\micrometer-registry-prometheus-1.8.3.jar;C:\Users\enganga\.m2\repository\io\prometheus\simpleclient_common\0.12.0\simpleclient_common-0.12.0.jar;C:\Users\enganga\.m2\repository\io\prometheus\simpleclient\0.12.0\simpleclient-0.12.0.jar;C:\Users\enganga\.m2\repository\io\prometheus\simpleclient_tracer_otel\0.12.0\simpleclient_tracer_otel-0.12.0.jar;C:\Users\enganga\.m2\repository\io\prometheus\simpleclient_tracer_common\0.12.0\simpleclient_tracer_common-0.12.0.jar;C:\Users\enganga\.m2\repository\io\prometheus\simpleclient_tracer_otel_agent\0.12.0\simpleclient_tracer_otel_agent-0.12.0.jar;C:\Users\enganga\.m2\repository\org\projectlombok\lombok\1.18.22\lombok-1.18.22.jar;C:\Users\enganga\.m2\repository\io\quarkus\quarkus-resteasy-reactive-jackson\2.7.5.Final\quarkus-resteasy-reactive-jackson-2.7.5.Final.jar;C:\Users\enganga\.m2\repository\io\quarkus\quarkus-resteasy-reactive-jackson-common\2.7.5.Final\quarkus-resteasy-reactive-jackson-common-2.7.5.Final.jar;C:\Users\enganga\.m2\repository\io\quarkus\resteasy\reactive\resteasy-reactive-jackson\2.7.5.Final\resteasy-reactive-jackson-2.7.5.Final.jar;C:\Users\enganga\.m2\repository\io\quarkus\quarkus-hibernate-validator\2.7.5.Final\quarkus-hibernate-validator-2.7.5.Final.jar;C:\Users\enganga\.m2\repository\org\hibernate\validator\hibernate-validator\6.2.2.Final\hibernate-validator-6.2.2.Final.jar;C:\Users\enganga\.m2\repository\jakarta\validation\jakarta.validation-api\2.0.2\jakarta.validation-api-2.0.2.jar;C:\Users\enganga\.m2\repository\com\fasterxml\classmate\1.5.1\classmate-1.5.1.jar;C:\Users\enganga\.m2\repository\org\glassfish\jakarta.el\3.0.4\jakarta.el-3.0.4.jar;C:\Users\enganga\.m2\repository\io\smallrye\config\smallrye-config-validator\2.9.1\smallrye-config-validator-2.9.1.jar;C:\Users\enganga\.m2\repository\io\quarkus\quarkus-reactive-pg-client\2.7.5.Final\quarkus-reactive-pg-client-2.7.5.Final.jar;C:\Users\enganga\.m2\repository\io\quarkus\quarkus-reactive-datasource\2.7.5.Final\quarkus-reactive-datasource-2.7.5.Final.jar;C:\Users\enganga\.m2\repository\io\quarkus\quarkus-datasource\2.7.5.Final\quarkus-datasource-2.7.5.Final.jar;C:\Users\enganga\.m2\repository\io\vertx\vertx-sql-client\4.2.5\vertx-sql-client-4.2.5.jar;C:\Users\enganga\.m2\repository\io\quarkus\quarkus-vertx\2.7.5.Final\quarkus-vertx-2.7.5.Final.jar;C:\Users\enganga\.m2\repository\io\quarkus\quarkus-netty\2.7.5.Final\quarkus-netty-2.7.5.Final.jar;C:\Users\enganga\.m2\repository\io\netty\netty-codec\4.1.74.Final\netty-codec-4.1.74.Final.jar;C:\Users\enganga\.m2\repository\io\netty\netty-codec-http\4.1.74.Final\netty-codec-http-4.1.74.Final.jar;C:\Users\enganga\.m2\repository\io\netty\netty-codec-http2\4.1.74.Final\netty-codec-http2-4.1.74.Final.jar;C:\Users\enganga\.m2\repository\io\netty\netty-handler\4.1.74.Final\netty-handler-4.1.74.Final.jar;C:\Users\enganga\.m2\repository\io\netty\netty-tcnative-classes\2.0.48.Final\netty-tcnative-classes-2.0.48.Final.jar;C:\Users\enganga\.m2\repository\io\netty\netty-codec-haproxy\4.1.74.Final\netty-codec-haproxy-4.1.74.Final.jar;C:\Users\enganga\.m2\repository\io\netty\netty-buffer\4.1.74.Final\netty-buffer-4.1.74.Final.jar;C:\Users\enganga\.m2\repository\io\netty\netty-transport\4.1.74.Final\netty-transport-4.1.74.Final.jar;C:\Users\enganga\.m2\repository\io\smallrye\common\smallrye-common-annotation\1.10.0\smallrye-common-annotation-1.10.0.jar;C:\Users\enganga\.m2\repository\io\smallrye\common\smallrye-common-vertx-context\1.10.0\smallrye-common-vertx-context-1.10.0.jar;C:\Users\enganga\.m2\repository\io\smallrye\common\smallrye-common-constraint\1.10.0\smallrye-common-constraint-1.10.0.jar;C:\Users\enganga\.m2\repository\io\smallrye\reactive\smallrye-mutiny-vertx-core\2.19.0\smallrye-mutiny-vertx-core-2.19.0.jar;C:\Users\enganga\.m2\repository\io\smallrye\reactive\smallrye-mutiny-vertx-runtime\2.19.0\smallrye-mutiny-vertx-runtime-2.19.0.jar;C:\Users\enganga\.m2\repository\io\smallrye\reactive\vertx-mutiny-generator\2.19.0\vertx-mutiny-generator-2.19.0.jar;C:\Users\enganga\.m2\repository\io\vertx\vertx-codegen\4.2.5\vertx-codegen-4.2.5.jar;C:\Users\enganga\.m2\repository\io\smallrye\smallrye-fault-tolerance-vertx\5.2.1\smallrye-fault-tolerance-vertx-5.2.1.jar;C:\Users\enganga\.m2\repository\io\vertx\vertx-pg-client\4.2.5\vertx-pg-client-4.2.5.jar;C:\Users\enganga\.m2\repository\io\vertx\vertx-core\4.2.5\vertx-core-4.2.5.jar;C:\Users\enganga\.m2\repository\io\netty\netty-common\4.1.74.Final\netty-common-4.1.74.Final.jar;C:\Users\enganga\.m2\repository\io\netty\netty-handler-proxy\4.1.74.Final\netty-handler-proxy-4.1.74.Final.jar;C:\Users\enganga\.m2\repository\io\netty\netty-codec-socks\4.1.74.Final\netty-codec-socks-4.1.74.Final.jar;C:\Users\enganga\.m2\repository\io\netty\netty-resolver\4.1.74.Final\netty-resolver-4.1.74.Final.jar;C:\Users\enganga\.m2\repository\io\netty\netty-resolver-dns\4.1.74.Final\netty-resolver-dns-4.1.74.Final.jar;C:\Users\enganga\.m2\repository\io\netty\netty-codec-dns\4.1.74.Final\netty-codec-dns-4.1.74.Final.jar;C:\Users\enganga\.m2\repository\com\ongres\scram\client\2.1\client-2.1.jar;C:\Users\enganga\.m2\repository\com\ongres\scram\common\2.1\common-2.1.jar;C:\Users\enganga\.m2\repository\com\ongres\stringprep\saslprep\1.1\saslprep-1.1.jar;C:\Users\enganga\.m2\repository\com\ongres\stringprep\stringprep\1.1\stringprep-1.1.jar;C:\Users\enganga\.m2\repository\io\smallrye\reactive\smallrye-mutiny-vertx-pg-client\2.19.0\smallrye-mutiny-vertx-pg-client-2.19.0.jar;C:\Users\enganga\.m2\repository\io\smallrye\reactive\smallrye-mutiny-vertx-sql-client\2.19.0\smallrye-mutiny-vertx-sql-client-2.19.0.jar;C:\Users\enganga\.m2\repository\io\quarkus\quarkus-credentials\2.7.5.Final\quarkus-credentials-2.7.5.Final.jar;C:\Users\enganga\.m2\repository\io\quarkus\quarkus-arc\2.7.5.Final\quarkus-arc-2.7.5.Final.jar;C:\Users\enganga\.m2\repository\io\quarkus\arc\arc\2.7.5.Final\arc-2.7.5.Final.jar;C:\Users\enganga\.m2\repository\jakarta\transaction\jakarta.transaction-api\1.3.3\jakarta.transaction-api-1.3.3.jar;C:\Users\enganga\.m2\repository\org\eclipse\microprofile\context-propagation\microprofile-context-propagation-api\1.2\microprofile-context-propagation-api-1.2.jar;C:\Users\enganga\.m2\repository\io\quarkus\quarkus-resteasy-reactive\2.7.5.Final\quarkus-resteasy-reactive-2.7.5.Final.jar;C:\Users\enganga\.m2\repository\org\jboss\spec\javax\ws\rs\jboss-jaxrs-api_2.1_spec\2.0.1.Final\jboss-jaxrs-api_2.1_spec-2.0.1.Final.jar;C:\Users\enganga\.m2\repository\io\quarkus\quarkus-resteasy-reactive-common\2.7.5.Final\quarkus-resteasy-reactive-common-2.7.5.Final.jar;C:\Users\enganga\.m2\repository\io\quarkus\resteasy\reactive\resteasy-reactive-common\2.7.5.Final\resteasy-reactive-common-2.7.5.Final.jar;C:\Users\enganga\.m2\repository\io\quarkus\resteasy\reactive\resteasy-reactive-vertx\2.7.5.Final\resteasy-reactive-vertx-2.7.5.Final.jar;C:\Users\enganga\.m2\repository\io\vertx\vertx-web\4.2.5\vertx-web-4.2.5.jar;C:\Users\enganga\.m2\repository\io\vertx\vertx-web-common\4.2.5\vertx-web-common-4.2.5.jar;C:\Users\enganga\.m2\repository\io\vertx\vertx-auth-common\4.2.5\vertx-auth-common-4.2.5.jar;C:\Users\enganga\.m2\repository\io\vertx\vertx-bridge-common\4.2.5\vertx-bridge-common-4.2.5.jar;C:\Users\enganga\.m2\repository\io\quarkus\resteasy\reactive\resteasy-reactive\2.7.5.Final\resteasy-reactive-2.7.5.Final.jar;C:\Users\enganga\.m2\repository\io\quarkus\quarkus-vertx-http\2.7.5.Final\quarkus-vertx-http-2.7.5.Final.jar;C:\Users\enganga\.m2\repository\io\quarkus\quarkus-security-runtime-spi\2.7.5.Final\quarkus-security-runtime-spi-2.7.5.Final.jar;C:\Users\enganga\.m2\repository\io\quarkus\quarkus-vertx-http-dev-console-runtime-spi\2.7.5.Final\quarkus-vertx-http-dev-console-runtime-spi-2.7.5.Final.jar;C:\Users\enganga\.m2\repository\io\quarkus\security\quarkus-security\1.1.4.Final\quarkus-security-1.1.4.Final.jar;C:\Users\enganga\.m2\repository\io\smallrye\reactive\smallrye-mutiny-vertx-web\2.19.0\smallrye-mutiny-vertx-web-2.19.0.jar;C:\Users\enganga\.m2\repository\io\smallrye\reactive\smallrye-mutiny-vertx-web-common\2.19.0\smallrye-mutiny-vertx-web-common-2.19.0.jar;C:\Users\enganga\.m2\repository\io\smallrye\reactive\smallrye-mutiny-vertx-auth-common\2.19.0\smallrye-mutiny-vertx-auth-common-2.19.0.jar;C:\Users\enganga\.m2\repository\io\smallrye\reactive\smallrye-mutiny-vertx-bridge-common\2.19.0\smallrye-mutiny-vertx-bridge-common-2.19.0.jar;C:\Users\enganga\.m2\repository\io\quarkus\quarkus-jsonp\2.7.5.Final\quarkus-jsonp-2.7.5.Final.jar;C:\Users\enganga\.m2\repository\io\quarkus\quarkus-smallrye-reactive-messaging-kafka\2.7.5.Final\quarkus-smallrye-reactive-messaging-kafka-2.7.5.Final.jar;C:\Users\enganga\.m2\repository\io\quarkus\quarkus-kafka-client\2.7.5.Final\quarkus-kafka-client-2.7.5.Final.jar;C:\Users\enganga\.m2\repository\io\quarkus\quarkus-caffeine\2.7.5.Final\quarkus-caffeine-2.7.5.Final.jar;C:\Users\enganga\.m2\repository\com\github\ben-manes\caffeine\caffeine\2.9.3\caffeine-2.9.3.jar;C:\Users\enganga\.m2\repository\com\google\errorprone\error_prone_annotations\2.10.0\error_prone_annotations-2.10.0.jar;C:\Users\enganga\.m2\repository\io\smallrye\reactive\smallrye-reactive-messaging-kafka\3.13.0\smallrye-reactive-messaging-kafka-3.13.0.jar;C:\Users\enganga\.m2\repository\io\smallrye\reactive\smallrye-reactive-messaging-kafka-api\3.13.0\smallrye-reactive-messaging-kafka-api-3.13.0.jar;C:\Users\enganga\.m2\repository\io\opentelemetry\opentelemetry-api\1.9.1\opentelemetry-api-1.9.1.jar;C:\Users\enganga\.m2\repository\io\opentelemetry\opentelemetry-context\1.9.1\opentelemetry-context-1.9.1.jar;C:\Users\enganga\.m2\repository\io\opentelemetry\opentelemetry-semconv\1.9.0-alpha\opentelemetry-semconv-1.9.0-alpha.jar;C:\Users\enganga\.m2\repository\io\smallrye\reactive\smallrye-reactive-converter-api\2.6.0\smallrye-reactive-converter-api-2.6.0.jar;C:\Users\enganga\.m2\repository\io\smallrye\reactive\mutiny\1.4.0\mutiny-1.4.0.jar;C:\Users\enganga\.m2\repository\io\quarkus\quarkus-jackson\2.7.5.Final\quarkus-jackson-2.7.5.Final.jar;C:\Users\enganga\.m2\repository\com\fasterxml\jackson\core\jackson-databind\2.13.1\jackson-databind-2.13.1.jar;C:\Users\enganga\.m2\repository\com\fasterxml\jackson\core\jackson-annotations\2.13.1\jackson-annotations-2.13.1.jar;C:\Users\enganga\.m2\repository\com\fasterxml\jackson\datatype\jackson-datatype-jsr310\2.13.1\jackson-datatype-jsr310-2.13.1.jar;C:\Users\enganga\.m2\repository\com\fasterxml\jackson\datatype\jackson-datatype-jdk8\2.13.1\jackson-datatype-jdk8-2.13.1.jar;C:\Users\enganga\.m2\repository\com\fasterxml\jackson\module\jackson-module-parameter-names\2.13.1\jackson-module-parameter-names-2.13.1.jar;C:\Users\enganga\.m2\repository\org\apache\kafka\kafka-clients\3.1.0\kafka-clients-3.1.0.jar;C:\Users\enganga\.m2\repository\com\github\luben\zstd-jni\1.5.0-4\zstd-jni-1.5.0-4.jar;C:\Users\enganga\.m2\repository\org\lz4\lz4-java\1.8.0\lz4-java-1.8.0.jar;C:\Users\enganga\.m2\repository\org\xerial\snappy\snappy-java\1.1.8.4\snappy-java-1.1.8.4.jar;C:\Users\enganga\.m2\repository\io\vertx\vertx-kafka-client\4.2.5\vertx-kafka-client-4.2.5.jar;C:\Users\enganga\.m2\repository\io\quarkus\quarkus-smallrye-reactive-messaging\2.7.5.Final\quarkus-smallrye-reactive-messaging-2.7.5.Final.jar;C:\Users\enganga\.m2\repository\io\quarkus\quarkus-smallrye-reactive-messaging-kotlin\2.7.5.Final\quarkus-smallrye-reactive-messaging-kotlin-2.7.5.Final.jar;C:\Users\enganga\.m2\repository\io\smallrye\reactive\smallrye-reactive-messaging-health\3.13.0\smallrye-reactive-messaging-health-3.13.0.jar;C:\Users\enganga\.m2\repository\org\eclipse\microprofile\health\microprofile-health-api\3.1\microprofile-health-api-3.1.jar;C:\Users\enganga\.m2\repository\io\smallrye\reactive\smallrye-reactive-messaging-provider\3.13.0\smallrye-reactive-messaging-provider-3.13.0.jar;C:\Users\enganga\.m2\repository\io\smallrye\reactive\smallrye-reactive-messaging-api\3.13.0\smallrye-reactive-messaging-api-3.13.0.jar;C:\Users\enganga\.m2\repository\jakarta\annotation\jakarta.annotation-api\1.3.5\jakarta.annotation-api-1.3.5.jar;C:\Users\enganga\.m2\repository\io\quarkus\quarkus-mongodb-client\2.7.5.Final\quarkus-mongodb-client-2.7.5.Final.jar;C:\Users\enganga\.m2\repository\io\quarkus\quarkus-mutiny\2.7.5.Final\quarkus-mutiny-2.7.5.Final.jar;C:\Users\enganga\.m2\repository\io\smallrye\reactive\mutiny-smallrye-context-propagation\1.4.0\mutiny-smallrye-context-propagation-1.4.0.jar;C:\Users\enganga\.m2\repository\io\quarkus\quarkus-mutiny-reactive-streams-operators\2.7.5.Final\quarkus-mutiny-reactive-streams-operators-2.7.5.Final.jar;C:\Users\enganga\.m2\repository\org\eclipse\microprofile\reactive-streams-operators\microprofile-reactive-streams-operators-api\1.0.1\microprofile-reactive-streams-operators-api-1.0.1.jar;C:\Users\enganga\.m2\repository\org\eclipse\microprofile\reactive-streams-operators\microprofile-reactive-streams-operators-core\1.0.1\microprofile-reactive-streams-operators-core-1.0.1.jar;C:\Users\enganga\.m2\repository\io\smallrye\reactive\mutiny-reactive-streams-operators\1.4.0\mutiny-reactive-streams-operators-1.4.0.jar;C:\Users\enganga\.m2\repository\org\mongodb\mongodb-driver-sync\4.3.4\mongodb-driver-sync-4.3.4.jar;C:\Users\enganga\.m2\repository\org\mongodb\bson\4.3.4\bson-4.3.4.jar;C:\Users\enganga\.m2\repository\org\mongodb\mongodb-driver-core\4.3.4\mongodb-driver-core-4.3.4.jar;C:\Users\enganga\.m2\repository\org\mongodb\mongodb-driver-reactivestreams\4.3.4\mongodb-driver-reactivestreams-4.3.4.jar;C:\Users\enganga\.m2\repository\org\reactivestreams\reactive-streams\1.0.3\reactive-streams-1.0.3.jar;C:\Users\enganga\.m2\repository\io\projectreactor\reactor-core\3.2.22.RELEASE\reactor-core-3.2.22.RELEASE.jar;C:\Users\enganga\.m2\repository\org\mongodb\mongodb-crypt\1.2.1\mongodb-crypt-1.2.1.jar;C:\Users\enganga\.m2\repository\net\java\dev\jna\jna\5.8.0\jna-5.8.0.jar;C:\Users\enganga\.m2\repository\io\quarkus\quarkus-mongodb-panache\2.7.5.Final\quarkus-mongodb-panache-2.7.5.Final.jar;C:\Users\enganga\.m2\repository\io\quarkus\quarkus-panache-common\2.7.5.Final\quarkus-panache-common-2.7.5.Final.jar;C:\Users\enganga\.m2\repository\io\quarkus\quarkus-mongodb-panache-common\2.7.5.Final\quarkus-mongodb-panache-common-2.7.5.Final.jar;C:\Users\enganga\.m2\repository\io\quarkus\quarkus-panacheql\2.7.5.Final\quarkus-panacheql-2.7.5.Final.jar;C:\Users\enganga\.m2\repository\org\antlr\antlr4-runtime\4.9.2\antlr4-runtime-4.9.2.jar;C:\Users\enganga\.m2\repository\io\quarkus\quarkus-smallrye-openapi\2.7.5.Final\quarkus-smallrye-openapi-2.7.5.Final.jar;C:\Users\enganga\.m2\repository\io\smallrye\smallrye-open-api-core\2.1.21\smallrye-open-api-core-2.1.21.jar;C:\Users\enganga\.m2\repository\org\eclipse\microprofile\openapi\microprofile-openapi-api\2.0.1\microprofile-openapi-api-2.0.1.jar;C:\Users\enganga\.m2\repository\com\fasterxml\jackson\core\jackson-core\2.13.1\jackson-core-2.13.1.jar;C:\Users\enganga\.m2\repository\com\fasterxml\jackson\dataformat\jackson-dataformat-yaml\2.13.1\jackson-dataformat-yaml-2.13.1.jar;C:\Users\enganga\.m2\repository\org\yaml\snakeyaml\1.30\snakeyaml-1.30.jar;C:\Users\enganga\.m2\repository\org\jboss\jandex\2.4.2.Final\jandex-2.4.2.Final.jar;C:\Users\enganga\.m2\repository\io\quarkus\quarkus-swagger-ui\2.7.5.Final\quarkus-swagger-ui-2.7.5.Final.jar;C:\Users\enganga\.m2\repository\io\quarkus\quarkus-micrometer\2.7.5.Final\quarkus-micrometer-2.7.5.Final.jar;C:\Users\enganga\.m2\repository\io\micrometer\micrometer-core\1.8.3\micrometer-core-1.8.3.jar;C:\Users\enganga\.m2\repository\org\hdrhistogram\HdrHistogram\2.1.12\HdrHistogram-2.1.12.jar;C:\Users\enganga\.m2\repository\org\latencyutils\LatencyUtils\2.0.3\LatencyUtils-2.0.3.jar;C:\Users\enganga\.m2\repository\org\jboss\slf4j\slf4j-jboss-logmanager\1.1.0.Final\slf4j-jboss-logmanager-1.1.0.Final.jar;C:\Users\enganga\.m2\repository\org\glassfish\jakarta.json\1.1.6\jakarta.json-1.1.6.jar;C:\Users\enganga\.m2\repository\io\quarkus\quarkus-smallrye-opentracing\2.7.5.Final\quarkus-smallrye-opentracing-2.7.5.Final.jar;C:\Users\enganga\.m2\repository\org\eclipse\microprofile\config\microprofile-config-api\2.0.1\microprofile-config-api-2.0.1.jar;C:\Users\enganga\.m2\repository\org\eclipse\microprofile\opentracing\microprofile-opentracing-api\2.0\microprofile-opentracing-api-2.0.jar;C:\Users\enganga\.m2\repository\io\smallrye\smallrye-opentracing\2.0.1\smallrye-opentracing-2.0.1.jar;C:\Users\enganga\.m2\repository\org\eclipse\microprofile\rest\client\microprofile-rest-client-api\2.0\microprofile-rest-client-api-2.0.jar;C:\Users\enganga\.m2\repository\io\opentracing\contrib\opentracing-jaxrs2\1.0.0\opentracing-jaxrs2-1.0.0.jar;C:\Users\enganga\.m2\repository\io\opentracing\contrib\opentracing-web-servlet-filter\0.4.1\opentracing-web-servlet-filter-0.4.1.jar;C:\Users\enganga\.m2\repository\io\opentracing\contrib\opentracing-concurrent\0.4.0\opentracing-concurrent-0.4.0.jar;C:\Users\enganga\.m2\repository\io\opentracing\contrib\opentracing-interceptors\0.1.3\opentracing-interceptors-0.1.3.jar;C:\Users\enganga\.m2\repository\io\opentracing\contrib\opentracing-tracerresolver\0.1.8\opentracing-tracerresolver-0.1.8.jar;C:\Users\enganga\.m2\repository\io\smallrye\smallrye-fault-tolerance-tracing-propagation\5.2.1\smallrye-fault-tolerance-tracing-propagation-5.2.1.jar;C:\Users\enganga\.m2\repository\jakarta\inject\jakarta.inject-api\1.0\jakarta.inject-api-1.0.jar;C:\Users\enganga\.m2\repository\io\quarkus\quarkus-jaeger\2.7.5.Final\quarkus-jaeger-2.7.5.Final.jar;C:\Users\enganga\.m2\repository\io\jaegertracing\jaeger-core\1.8.0\jaeger-core-1.8.0.jar;C:\Users\enganga\.m2\repository\com\google\code\gson\gson\2.9.0\gson-2.9.0.jar;C:\Users\enganga\.m2\repository\io\jaegertracing\jaeger-thrift\1.8.0\jaeger-thrift-1.8.0.jar;C:\Users\enganga\.m2\repository\org\apache\thrift\libthrift\0.14.1\libthrift-0.14.1.jar;C:\Users\enganga\.m2\repository\com\squareup\okhttp3\okhttp\3.14.9\okhttp-3.14.9.jar;C:\Users\enganga\.m2\repository\com\squareup\okio\okio\1.17.2\okio-1.17.2.jar;C:\Users\enganga\.m2\repository\com\sun\activation\jakarta.activation\1.2.1\jakarta.activation-1.2.1.jar;C:\Users\enganga\.m2\repository\jakarta\servlet\jakarta.servlet-api\4.0.3\jakarta.servlet-api-4.0.3.jar;C:\Users\enganga\.m2\repository\io\quarkus\quarkus-flyway\2.7.5.Final\quarkus-flyway-2.7.5.Final.jar;C:\Users\enganga\.m2\repository\org\flywaydb\flyway-core\8.4.2\flyway-core-8.4.2.jar;C:\Users\enganga\.m2\repository\io\quarkus\quarkus-agroal\2.7.5.Final\quarkus-agroal-2.7.5.Final.jar;C:\Users\enganga\.m2\repository\org\jboss\narayana\jta\narayana-jta\5.12.4.Final\narayana-jta-5.12.4.Final.jar;C:\Users\enganga\.m2\repository\org\jboss\jboss-transaction-spi\7.6.0.Final\jboss-transaction-spi-7.6.0.Final.jar;C:\Users\enganga\.m2\repository\org\jboss\spec\javax\resource\jboss-connector-api_1.7_spec\1.0.0.Final\jboss-connector-api_1.7_spec-1.0.0.Final.jar;C:\Users\enganga\.m2\repository\org\jboss\narayana\jts\narayana-jts-integration\5.12.4.Final\narayana-jts-integration-5.12.4.Final.jar;C:\Users\enganga\.m2\repository\io\agroal\agroal-api\1.15\agroal-api-1.15.jar;C:\Users\enganga\.m2\repository\io\agroal\agroal-narayana\1.15\agroal-narayana-1.15.jar;C:\Users\enganga\.m2\repository\io\agroal\agroal-pool\1.15\agroal-pool-1.15.jar;C:\Users\enganga\.m2\repository\io\quarkus\quarkus-narayana-jta\2.7.5.Final\quarkus-narayana-jta-2.7.5.Final.jar;C:\Users\enganga\.m2\repository\io\smallrye\smallrye-context-propagation-jta\1.2.2\smallrye-context-propagation-jta-1.2.2.jar;C:\Users\enganga\.m2\repository\io\quarkus\quarkus-datasource-common\2.7.5.Final\quarkus-datasource-common-2.7.5.Final.jar;C:\Users\enganga\.m2\repository\io\quarkus\quarkus-jdbc-postgresql\2.7.5.Final\quarkus-jdbc-postgresql-2.7.5.Final.jar;C:\Users\enganga\.m2\repository\org\postgresql\postgresql\42.3.3\postgresql-42.3.3.jar;C:\Users\enganga\.m2\repository\io\quarkus\quarkus-smallrye-fault-tolerance\2.7.5.Final\quarkus-smallrye-fault-tolerance-2.7.5.Final.jar;C:\Users\enganga\.m2\repository\io\smallrye\smallrye-fault-tolerance\5.2.1\smallrye-fault-tolerance-5.2.1.jar;C:\Users\enganga\.m2\repository\org\eclipse\microprofile\fault-tolerance\microprofile-fault-tolerance-api\3.0\microprofile-fault-tolerance-api-3.0.jar;C:\Users\enganga\.m2\repository\io\smallrye\smallrye-fault-tolerance-api\5.2.1\smallrye-fault-tolerance-api-5.2.1.jar;C:\Users\enganga\.m2\repository\io\smallrye\smallrye-fault-tolerance-core\5.2.1\smallrye-fault-tolerance-core-5.2.1.jar;C:\Users\enganga\.m2\repository\io\smallrye\smallrye-fault-tolerance-autoconfig-core\5.2.1\smallrye-fault-tolerance-autoconfig-core-5.2.1.jar;C:\Users\enganga\.m2\repository\org\eclipse\microprofile\metrics\microprofile-metrics-api\3.0.1\microprofile-metrics-api-3.0.1.jar;C:\Users\enganga\.m2\repository\jakarta\enterprise\jakarta.enterprise.cdi-api\2.0.2\jakarta.enterprise.cdi-api-2.0.2.jar;C:\Users\enganga\.m2\repository\jakarta\el\jakarta.el-api\3.0.3\jakarta.el-api-3.0.3.jar;C:\Users\enganga\.m2\repository\jakarta\interceptor\jakarta.interceptor-api\1.2.5\jakarta.interceptor-api-1.2.5.jar;C:\Users\enganga\.m2\repository\org\jboss\logging\commons-logging-jboss-logging\1.0.0.Final\commons-logging-jboss-logging-1.0.0.Final.jar;C:\Users\enganga\.m2\repository\io\quarkus\quarkus-smallrye-context-propagation\2.7.5.Final\quarkus-smallrye-context-propagation-2.7.5.Final.jar;C:\Users\enganga\.m2\repository\io\smallrye\smallrye-context-propagation\1.2.2\smallrye-context-propagation-1.2.2.jar;C:\Users\enganga\.m2\repository\io\smallrye\smallrye-context-propagation-api\1.2.2\smallrye-context-propagation-api-1.2.2.jar;C:\Users\enganga\.m2\repository\io\smallrye\smallrye-context-propagation-storage\1.2.2\smallrye-context-propagation-storage-1.2.2.jar;C:\Users\enganga\.m2\repository\io\smallrye\smallrye-fault-tolerance-context-propagation\5.2.1\smallrye-fault-tolerance-context-propagation-5.2.1.jar;C:\Users\enganga\.m2\repository\io\smallrye\reactive\smallrye-reactive-converter-mutiny\2.6.0\smallrye-reactive-converter-mutiny-2.6.0.jar;C:\Users\enganga\.m2\repository\io\quarkus\quarkus-junit5\2.7.5.Final\quarkus-junit5-2.7.5.Final.jar;C:\Users\enganga\.m2\repository\io\quarkus\quarkus-bootstrap-core\2.7.5.Final\quarkus-bootstrap-core-2.7.5.Final.jar;C:\Users\enganga\.m2\repository\io\quarkus\quarkus-bootstrap-app-model\2.7.5.Final\quarkus-bootstrap-app-model-2.7.5.Final.jar;C:\Users\enganga\.m2\repository\io\quarkus\quarkus-bootstrap-maven-resolver\2.7.5.Final\quarkus-bootstrap-maven-resolver-2.7.5.Final.jar;C:\Users\enganga\.m2\repository\org\apache\maven\maven-embedder\3.8.4\maven-embedder-3.8.4.jar;C:\Users\enganga\.m2\repository\org\apache\maven\maven-settings\3.8.4\maven-settings-3.8.4.jar;C:\Users\enganga\.m2\repository\org\apache\maven\maven-core\3.8.4\maven-core-3.8.4.jar;C:\Users\enganga\.m2\repository\org\apache\maven\maven-artifact\3.8.4\maven-artifact-3.8.4.jar;C:\Users\enganga\.m2\repository\org\codehaus\plexus\plexus-component-annotations\2.1.0\plexus-component-annotations-2.1.0.jar;C:\Users\enganga\.m2\repository\org\apache\maven\maven-plugin-api\3.8.4\maven-plugin-api-3.8.4.jar;C:\Users\enganga\.m2\repository\org\apache\maven\maven-model\3.8.4\maven-model-3.8.4.jar;C:\Users\enganga\.m2\repository\org\apache\maven\maven-model-builder\3.8.4\maven-model-builder-3.8.4.jar;C:\Users\enganga\.m2\repository\org\apache\maven\maven-builder-support\3.8.4\maven-builder-support-3.8.4.jar;C:\Users\enganga\.m2\repository\org\apache\maven\resolver\maven-resolver-api\1.6.3\maven-resolver-api-1.6.3.jar;C:\Users\enganga\.m2\repository\org\apache\maven\resolver\maven-resolver-util\1.6.3\maven-resolver-util-1.6.3.jar;C:\Users\enganga\.m2\repository\org\apache\maven\shared\maven-shared-utils\3.3.4\maven-shared-utils-3.3.4.jar;C:\Users\enganga\.m2\repository\commons-io\commons-io\2.11.0\commons-io-2.11.0.jar;C:\Users\enganga\.m2\repository\com\google\inject\guice\4.2.2\guice-4.2.2-no_aop.jar;C:\Users\enganga\.m2\repository\com\google\guava\guava\30.1.1-jre\guava-30.1.1-jre.jar;C:\Users\enganga\.m2\repository\com\google\guava\failureaccess\1.0.1\failureaccess-1.0.1.jar;C:\Users\enganga\.m2\repository\org\codehaus\plexus\plexus-classworlds\2.6.0\plexus-classworlds-2.6.0.jar;C:\Users\enganga\.m2\repository\org\codehaus\plexus\plexus-sec-dispatcher\2.0\plexus-sec-dispatcher-2.0.jar;C:\Users\enganga\.m2\repository\org\codehaus\plexus\plexus-cipher\2.0\plexus-cipher-2.0.jar;C:\Users\enganga\.m2\repository\commons-cli\commons-cli\1.4\commons-cli-1.4.jar;C:\Users\enganga\.m2\repository\org\eclipse\sisu\org.eclipse.sisu.plexus\0.3.5\org.eclipse.sisu.plexus-0.3.5.jar;C:\Users\enganga\.m2\repository\org\apache\maven\maven-settings-builder\3.8.4\maven-settings-builder-3.8.4.jar;C:\Users\enganga\.m2\repository\org\codehaus\plexus\plexus-interpolation\1.26\plexus-interpolation-1.26.jar;C:\Users\enganga\.m2\repository\org\apache\maven\maven-resolver-provider\3.8.4\maven-resolver-provider-3.8.4.jar;C:\Users\enganga\.m2\repository\org\apache\maven\maven-repository-metadata\3.8.4\maven-repository-metadata-3.8.4.jar;C:\Users\enganga\.m2\repository\org\apache\maven\resolver\maven-resolver-spi\1.6.3\maven-resolver-spi-1.6.3.jar;C:\Users\enganga\.m2\repository\org\apache\maven\resolver\maven-resolver-impl\1.6.3\maven-resolver-impl-1.6.3.jar;C:\Users\enganga\.m2\repository\org\codehaus\plexus\plexus-utils\3.3.0\plexus-utils-3.3.0.jar;C:\Users\enganga\.m2\repository\org\apache\maven\resolver\maven-resolver-connector-basic\1.6.3\maven-resolver-connector-basic-1.6.3.jar;C:\Users\enganga\.m2\repository\org\apache\maven\resolver\maven-resolver-transport-wagon\1.6.3\maven-resolver-transport-wagon-1.6.3.jar;C:\Users\enganga\.m2\repository\org\apache\maven\wagon\wagon-http\3.4.3\wagon-http-3.4.3.jar;C:\Users\enganga\.m2\repository\org\apache\maven\wagon\wagon-http-shared\3.4.3\wagon-http-shared-3.4.3.jar;C:\Users\enganga\.m2\repository\org\jsoup\jsoup\1.14.2\jsoup-1.14.2.jar;C:\Users\enganga\.m2\repository\org\apache\maven\wagon\wagon-provider-api\3.4.3\wagon-provider-api-3.4.3.jar;C:\Users\enganga\.m2\repository\org\apache\maven\wagon\wagon-file\3.4.3\wagon-file-3.4.3.jar;C:\Users\enganga\.m2\repository\io\quarkus\quarkus-bootstrap-gradle-resolver\2.7.5.Final\quarkus-bootstrap-gradle-resolver-2.7.5.Final.jar;C:\Users\enganga\.m2\repository\io\smallrye\common\smallrye-common-io\1.10.0\smallrye-common-io-1.10.0.jar;C:\Users\enganga\.m2\repository\org\eclipse\sisu\org.eclipse.sisu.inject\0.3.5\org.eclipse.sisu.inject-0.3.5.jar;C:\Users\enganga\.m2\repository\io\quarkus\quarkus-test-common\2.7.5.Final\quarkus-test-common-2.7.5.Final.jar;C:\Users\enganga\.m2\repository\io\quarkus\quarkus-core-deployment\2.7.5.Final\quarkus-core-deployment-2.7.5.Final.jar;C:\Users\enganga\.m2\repository\org\aesh\readline\2.2\readline-2.2.jar;C:\Users\enganga\.m2\repository\org\fusesource\jansi\jansi\1.18\jansi-1.18.jar;C:\Users\enganga\.m2\repository\org\aesh\aesh\2.6\aesh-2.6.jar;C:\Users\enganga\.m2\repository\io\quarkus\gizmo\gizmo\1.0.10.Final\gizmo-1.0.10.Final.jar;C:\Users\enganga\.m2\repository\org\ow2\asm\asm-util\9.2\asm-util-9.2.jar;C:\Users\enganga\.m2\repository\org\ow2\asm\asm\9.2\asm-9.2.jar;C:\Users\enganga\.m2\repository\org\ow2\asm\asm-commons\9.2\asm-commons-9.2.jar;C:\Users\enganga\.m2\repository\org\ow2\asm\asm-tree\9.2\asm-tree-9.2.jar;C:\Users\enganga\.m2\repository\org\ow2\asm\asm-analysis\9.2\asm-analysis-9.2.jar;C:\Users\enganga\.m2\repository\io\quarkus\quarkus-class-change-agent\2.7.5.Final\quarkus-class-change-agent-2.7.5.Final.jar;C:\Users\enganga\.m2\repository\io\quarkus\quarkus-devtools-utilities\2.7.5.Final\quarkus-devtools-utilities-2.7.5.Final.jar;C:\Users\enganga\.m2\repository\io\quarkus\quarkus-builder\2.7.5.Final\quarkus-builder-2.7.5.Final.jar;C:\Users\enganga\.m2\repository\org\junit\platform\junit-platform-launcher\1.8.2\junit-platform-launcher-1.8.2.jar;C:\Users\enganga\.m2\repository\io\quarkus\quarkus-jsonp-deployment\2.7.5.Final\quarkus-jsonp-deployment-2.7.5.Final.jar;C:\Users\enganga\.m2\repository\io\quarkus\quarkus-junit5-properties\2.7.5.Final\quarkus-junit5-properties-2.7.5.Final.jar;C:\Users\enganga\.m2\repository\org\junit\jupiter\junit-jupiter\5.8.2\junit-jupiter-5.8.2.jar;C:\Users\enganga\.m2\repository\org\junit\jupiter\junit-jupiter-api\5.8.2\junit-jupiter-api-5.8.2.jar;C:\Users\enganga\.m2\repository\org\opentest4j\opentest4j\1.2.0\opentest4j-1.2.0.jar;C:\Users\enganga\.m2\repository\org\junit\platform\junit-platform-commons\1.8.2\junit-platform-commons-1.8.2.jar;C:\Users\enganga\.m2\repository\org\apiguardian\apiguardian-api\1.1.2\apiguardian-api-1.1.2.jar;C:\Users\enganga\.m2\repository\org\junit\jupiter\junit-jupiter-params\5.8.2\junit-jupiter-params-5.8.2.jar;C:\Users\enganga\.m2\repository\org\junit\jupiter\junit-jupiter-engine\5.8.2\junit-jupiter-engine-5.8.2.jar;C:\Users\enganga\.m2\repository\org\junit\platform\junit-platform-engine\1.8.2\junit-platform-engine-1.8.2.jar;C:\Users\enganga\.m2\repository\com\thoughtworks\xstream\xstream\1.4.19\xstream-1.4.19.jar;C:\Users\enganga\.m2\repository\io\github\x-stream\mxparser\1.2.2\mxparser-1.2.2.jar;C:\Users\enganga\.m2\repository\xmlpull\xmlpull\1.1.3.1\xmlpull-1.1.3.1.jar;C:\Users\enganga\.m2\repository\io\rest-assured\rest-assured\4.4.0\rest-assured-4.4.0.jar;C:\Users\enganga\.m2\repository\org\codehaus\groovy\groovy\3.0.8\groovy-3.0.8.jar;C:\Users\enganga\.m2\repository\org\codehaus\groovy\groovy-xml\3.0.8\groovy-xml-3.0.8.jar;C:\Users\enganga\.m2\repository\org\apache\httpcomponents\httpclient\4.5.13\httpclient-4.5.13.jar;C:\Users\enganga\.m2\repository\org\apache\httpcomponents\httpcore\4.4.15\httpcore-4.4.15.jar;C:\Users\enganga\.m2\repository\commons-codec\commons-codec\1.15\commons-codec-1.15.jar;C:\Users\enganga\.m2\repository\org\apache\httpcomponents\httpmime\4.5.13\httpmime-4.5.13.jar;C:\Users\enganga\.m2\repository\org\hamcrest\hamcrest\2.1\hamcrest-2.1.jar;C:\Users\enganga\.m2\repository\org\ccil\cowan\tagsoup\tagsoup\1.2.1\tagsoup-1.2.1.jar;C:\Users\enganga\.m2\repository\io\rest-assured\json-path\4.4.0\json-path-4.4.0.jar;C:\Users\enganga\.m2\repository\org\codehaus\groovy\groovy-json\3.0.8\groovy-json-3.0.8.jar;C:\Users\enganga\.m2\repository\io\rest-assured\rest-assured-common\4.4.0\rest-assured-common-4.4.0.jar;C:\Users\enganga\.m2\repository\io\rest-assured\xml-path\4.4.0\xml-path-4.4.0.jar;C:\Users\enganga\.m2\repository\org\apache\commons\commons-lang3\3.12.0\commons-lang3-3.12.0.jar;C:\Users\enganga\.m2\repository\jakarta\xml\bind\jakarta.xml.bind-api\2.3.3\jakarta.xml.bind-api-2.3.3.jar;C:\Users\enganga\.m2\repository\com\sun\xml\bind\jaxb-impl\2.3.3\jaxb-impl-2.3.3.jar;"/>
    <property name="java.vm.vendor" value="Oracle Corporation"/>
    <property name="sun.arch.data.model" value="64"/>
    <property name="user.variant" value=""/>
    <property name="java.vendor.url" value="https://java.oracle.com/"/>
    <property name="user.timezone" value="Africa/Nairobi"/>
    <property name="os.name" value="Windows 11"/>
    <property name="java.vm.specification.version" value="18"/>
    <property name="sun.java.launcher" value="SUN_STANDARD"/>
    <property name="user.country" value="US"/>
    <property name="mp.openapi.extensions.smallrye.defaultProduces" value="application/json"/>
    <property name="sun.boot.library.path" value="C:\Program Files\Java\jdk-18.0.2.1\bin"/>
    <property name="sun.java.command" value="C:\Users\enganga\AppData\Local\Temp\surefire13990448706637101374\surefirebooter9679663197047068895.jar C:\Users\enganga\AppData\Local\Temp\surefire13990448706637101374 2023-12-18T20-14-44_984-jvmRun1 surefire12196465483609370643tmp surefire_09143545904354408568tmp"/>
    <property name="maven.home" value="C:\apache-maven-3.8.6-bin\apache-maven-3.8.6"/>
    <property name="jdk.debug" value="release"/>
    <property name="surefire.test.class.path" value="C:\Users\enganga\Quarkus Projects\Java-Quarkus-Reactive-CQRS-EventSourcing\target\test-classes;C:\Users\enganga\Quarkus Projects\Java-Quarkus-Reactive-CQRS-EventSourcing\target\classes;C:\Users\enganga\.m2\repository\io\opentracing\contrib\opentracing-kafka-client\0.1.15\opentracing-kafka-client-0.1.15.jar;C:\Users\enganga\.m2\repository\io\opentracing\opentracing-api\0.33.0\opentracing-api-0.33.0.jar;C:\Users\enganga\.m2\repository\io\opentracing\opentracing-util\0.33.0\opentracing-util-0.33.0.jar;C:\Users\enganga\.m2\repository\io\opentracing\opentracing-noop\0.33.0\opentracing-noop-0.33.0.jar;C:\Users\enganga\.m2\repository\io\opentracing\contrib\opentracing-mongo-common\0.1.5\opentracing-mongo-common-0.1.5.jar;C:\Users\enganga\.m2\repository\io\quarkus\quarkus-micrometer-registry-prometheus\2.7.5.Final\quarkus-micrometer-registry-prometheus-2.7.5.Final.jar;C:\Users\enganga\.m2\repository\io\quarkus\quarkus-core\2.7.5.Final\quarkus-core-2.7.5.Final.jar;C:\Users\enganga\.m2\repository\io\quarkus\quarkus-ide-launcher\2.7.5.Final\quarkus-ide-launcher-2.7.5.Final.jar;C:\Users\enganga\.m2\repository\io\quarkus\quarkus-development-mode-spi\2.7.5.Final\quarkus-development-mode-spi-2.7.5.Final.jar;C:\Users\enganga\.m2\repository\io\smallrye\config\smallrye-config\2.9.1\smallrye-config-2.9.1.jar;C:\Users\enganga\.m2\repository\io\smallrye\config\smallrye-config-core\2.9.1\smallrye-config-core-2.9.1.jar;C:\Users\enganga\.m2\repository\io\smallrye\common\smallrye-common-expression\1.10.0\smallrye-common-expression-1.10.0.jar;C:\Users\enganga\.m2\repository\io\smallrye\common\smallrye-common-function\1.10.0\smallrye-common-function-1.10.0.jar;C:\Users\enganga\.m2\repository\io\smallrye\common\smallrye-common-classloader\1.10.0\smallrye-common-classloader-1.10.0.jar;C:\Users\enganga\.m2\repository\io\smallrye\config\smallrye-config-common\2.9.1\smallrye-config-common-2.9.1.jar;C:\Users\enganga\.m2\repository\org\jboss\logging\jboss-logging\3.4.3.Final\jboss-logging-3.4.3.Final.jar;C:\Users\enganga\.m2\repository\org\jboss\logmanager\jboss-logmanager-embedded\1.0.9\jboss-logmanager-embedded-1.0.9.jar;C:\Users\enganga\.m2\repository\org\jboss\logging\jboss-logging-annotations\2.2.1.Final\jboss-logging-annotations-2.2.1.Final.jar;C:\Users\enganga\.m2\repository\org\jboss\threads\jboss-threads\3.4.2.Final\jboss-threads-3.4.2.Final.jar;C:\Users\enganga\.m2\repository\org\slf4j\slf4j-api\1.7.33\slf4j-api-1.7.33.jar;C:\Users\enganga\.m2\repository\org\graalvm\sdk\graal-sdk\21.3.1\graal-sdk-21.3.1.jar;C:\Users\enganga\.m2\repository\org\wildfly\common\wildfly-common\1.5.4.Final-format-001\wildfly-common-1.5.4.Final-format-001.jar;C:\Users\enganga\.m2\repository\io\quarkus\quarkus-bootstrap-runner\2.7.5.Final\quarkus-bootstrap-runner-2.7.5.Final.jar;C:\Users\enganga\.m2\repository\io\quarkus\quarkus-fs-util\0.0.9\quarkus-fs-util-0.0.9.jar;C:\Users\enganga\.m2\repository\io\micrometer\micrometer-registry-prometheus\1.8.3\micrometer-registry-prometheus-1.8.3.jar;C:\Users\enganga\.m2\repository\io\prometheus\simpleclient_common\0.12.0\simpleclient_common-0.12.0.jar;C:\Users\enganga\.m2\repository\io\prometheus\simpleclient\0.12.0\simpleclient-0.12.0.jar;C:\Users\enganga\.m2\repository\io\prometheus\simpleclient_tracer_otel\0.12.0\simpleclient_tracer_otel-0.12.0.jar;C:\Users\enganga\.m2\repository\io\prometheus\simpleclient_tracer_common\0.12.0\simpleclient_tracer_common-0.12.0.jar;C:\Users\enganga\.m2\repository\io\prometheus\simpleclient_tracer_otel_agent\0.12.0\simpleclient_tracer_otel_agent-0.12.0.jar;C:\Users\enganga\.m2\repository\org\projectlombok\lombok\1.18.22\lombok-1.18.22.jar;C:\Users\enganga\.m2\repository\io\quarkus\quarkus-resteasy-reactive-jackson\2.7.5.Final\quarkus-resteasy-reactive-jackson-2.7.5.Final.jar;C:\Users\enganga\.m2\repository\io\quarkus\quarkus-resteasy-reactive-jackson-common\2.7.5.Final\quarkus-resteasy-reactive-jackson-common-2.7.5.Final.jar;C:\Users\enganga\.m2\repository\io\quarkus\resteasy\reactive\resteasy-reactive-jackson\2.7.5.Final\resteasy-reactive-jackson-2.7.5.Final.jar;C:\Users\enganga\.m2\repository\io\quarkus\quarkus-hibernate-validator\2.7.5.Final\quarkus-hibernate-validator-2.7.5.Final.jar;C:\Users\enganga\.m2\repository\org\hibernate\validator\hibernate-validator\6.2.2.Final\hibernate-validator-6.2.2.Final.jar;C:\Users\enganga\.m2\repository\jakarta\validation\jakarta.validation-api\2.0.2\jakarta.validation-api-2.0.2.jar;C:\Users\enganga\.m2\repository\com\fasterxml\classmate\1.5.1\classmate-1.5.1.jar;C:\Users\enganga\.m2\repository\org\glassfish\jakarta.el\3.0.4\jakarta.el-3.0.4.jar;C:\Users\enganga\.m2\repository\io\smallrye\config\smallrye-config-validator\2.9.1\smallrye-config-validator-2.9.1.jar;C:\Users\enganga\.m2\repository\io\quarkus\quarkus-reactive-pg-client\2.7.5.Final\quarkus-reactive-pg-client-2.7.5.Final.jar;C:\Users\enganga\.m2\repository\io\quarkus\quarkus-reactive-datasource\2.7.5.Final\quarkus-reactive-datasource-2.7.5.Final.jar;C:\Users\enganga\.m2\repository\io\quarkus\quarkus-datasource\2.7.5.Final\quarkus-datasource-2.7.5.Final.jar;C:\Users\enganga\.m2\repository\io\vertx\vertx-sql-client\4.2.5\vertx-sql-client-4.2.5.jar;C:\Users\enganga\.m2\repository\io\quarkus\quarkus-vertx\2.7.5.Final\quarkus-vertx-2.7.5.Final.jar;C:\Users\enganga\.m2\repository\io\quarkus\quarkus-netty\2.7.5.Final\quarkus-netty-2.7.5.Final.jar;C:\Users\enganga\.m2\repository\io\netty\netty-codec\4.1.74.Final\netty-codec-4.1.74.Final.jar;C:\Users\enganga\.m2\repository\io\netty\netty-codec-http\4.1.74.Final\netty-codec-http-4.1.74.Final.jar;C:\Users\enganga\.m2\repository\io\netty\netty-codec-http2\4.1.74.Final\netty-codec-http2-4.1.74.Final.jar;C:\Users\enganga\.m2\repository\io\netty\netty-handler\4.1.74.Final\netty-handler-4.1.74.Final.jar;C:\Users\enganga\.m2\repository\io\netty\netty-tcnative-classes\2.0.48.Final\netty-tcnative-classes-2.0.48.Final.jar;C:\Users\enganga\.m2\repository\io\netty\netty-codec-haproxy\4.1.74.Final\netty-codec-haproxy-4.1.74.Final.jar;C:\Users\enganga\.m2\repository\io\netty\netty-buffer\4.1.74.Final\netty-buffer-4.1.74.Final.jar;C:\Users\enganga\.m2\repository\io\netty\netty-transport\4.1.74.Final\netty-transport-4.1.74.Final.jar;C:\Users\enganga\.m2\repository\io\smallrye\common\smallrye-common-annotation\1.10.0\smallrye-common-annotation-1.10.0.jar;C:\Users\enganga\.m2\repository\io\smallrye\common\smallrye-common-vertx-context\1.10.0\smallrye-common-vertx-context-1.10.0.jar;C:\Users\enganga\.m2\repository\io\smallrye\common\smallrye-common-constraint\1.10.0\smallrye-common-constraint-1.10.0.jar;C:\Users\enganga\.m2\repository\io\smallrye\reactive\smallrye-mutiny-vertx-core\2.19.0\smallrye-mutiny-vertx-core-2.19.0.jar;C:\Users\enganga\.m2\repository\io\smallrye\reactive\smallrye-mutiny-vertx-runtime\2.19.0\smallrye-mutiny-vertx-runtime-2.19.0.jar;C:\Users\enganga\.m2\repository\io\smallrye\reactive\vertx-mutiny-generator\2.19.0\vertx-mutiny-generator-2.19.0.jar;C:\Users\enganga\.m2\repository\io\vertx\vertx-codegen\4.2.5\vertx-codegen-4.2.5.jar;C:\Users\enganga\.m2\repository\io\smallrye\smallrye-fault-tolerance-vertx\5.2.1\smallrye-fault-tolerance-vertx-5.2.1.jar;C:\Users\enganga\.m2\repository\io\vertx\vertx-pg-client\4.2.5\vertx-pg-client-4.2.5.jar;C:\Users\enganga\.m2\repository\io\vertx\vertx-core\4.2.5\vertx-core-4.2.5.jar;C:\Users\enganga\.m2\repository\io\netty\netty-common\4.1.74.Final\netty-common-4.1.74.Final.jar;C:\Users\enganga\.m2\repository\io\netty\netty-handler-proxy\4.1.74.Final\netty-handler-proxy-4.1.74.Final.jar;C:\Users\enganga\.m2\repository\io\netty\netty-codec-socks\4.1.74.Final\netty-codec-socks-4.1.74.Final.jar;C:\Users\enganga\.m2\repository\io\netty\netty-resolver\4.1.74.Final\netty-resolver-4.1.74.Final.jar;C:\Users\enganga\.m2\repository\io\netty\netty-resolver-dns\4.1.74.Final\netty-resolver-dns-4.1.74.Final.jar;C:\Users\enganga\.m2\repository\io\netty\netty-codec-dns\4.1.74.Final\netty-codec-dns-4.1.74.Final.jar;C:\Users\enganga\.m2\repository\com\ongres\scram\client\2.1\client-2.1.jar;C:\Users\enganga\.m2\repository\com\ongres\scram\common\2.1\common-2.1.jar;C:\Users\enganga\.m2\repository\com\ongres\stringprep\saslprep\1.1\saslprep-1.1.jar;C:\Users\enganga\.m2\repository\com\ongres\stringprep\stringprep\1.1\stringprep-1.1.jar;C:\Users\enganga\.m2\repository\io\smallrye\reactive\smallrye-mutiny-vertx-pg-client\2.19.0\smallrye-mutiny-vertx-pg-client-2.19.0.jar;C:\Users\enganga\.m2\repository\io\smallrye\reactive\smallrye-mutiny-vertx-sql-client\2.19.0\smallrye-mutiny-vertx-sql-client-2.19.0.jar;C:\Users\enganga\.m2\repository\io\quarkus\quarkus-credentials\2.7.5.Final\quarkus-credentials-2.7.5.Final.jar;C:\Users\enganga\.m2\repository\io\quarkus\quarkus-arc\2.7.5.Final\quarkus-arc-2.7.5.Final.jar;C:\Users\enganga\.m2\repository\io\quarkus\arc\arc\2.7.5.Final\arc-2.7.5.Final.jar;C:\Users\enganga\.m2\repository\jakarta\transaction\jakarta.transaction-api\1.3.3\jakarta.transaction-api-1.3.3.jar;C:\Users\enganga\.m2\repository\org\eclipse\microprofile\context-propagation\microprofile-context-propagation-api\1.2\microprofile-context-propagation-api-1.2.jar;C:\Users\enganga\.m2\repository\io\quarkus\quarkus-resteasy-reactive\2.7.5.Final\quarkus-resteasy-reactive-2.7.5.Final.jar;C:\Users\enganga\.m2\repository\org\jboss\spec\javax\ws\rs\jboss-jaxrs-api_2.1_spec\2.0.1.Final\jboss-jaxrs-api_2.1_spec-2.0.1.Final.jar;C:\Users\enganga\.m2\repository\io\quarkus\quarkus-resteasy-reactive-common\2.7.5.Final\quarkus-resteasy-reactive-common-2.7.5.Final.jar;C:\Users\enganga\.m2\repository\io\quarkus\resteasy\reactive\resteasy-reactive-common\2.7.5.Final\resteasy-reactive-common-2.7.5.Final.jar;C:\Users\enganga\.m2\repository\io\quarkus\resteasy\reactive\resteasy-reactive-vertx\2.7.5.Final\resteasy-reactive-vertx-2.7.5.Final.jar;C:\Users\enganga\.m2\repository\io\vertx\vertx-web\4.2.5\vertx-web-4.2.5.jar;C:\Users\enganga\.m2\repository\io\vertx\vertx-web-common\4.2.5\vertx-web-common-4.2.5.jar;C:\Users\enganga\.m2\repository\io\vertx\vertx-auth-common\4.2.5\vertx-auth-common-4.2.5.jar;C:\Users\enganga\.m2\repository\io\vertx\vertx-bridge-common\4.2.5\vertx-bridge-common-4.2.5.jar;C:\Users\enganga\.m2\repository\io\quarkus\resteasy\reactive\resteasy-reactive\2.7.5.Final\resteasy-reactive-2.7.5.Final.jar;C:\Users\enganga\.m2\repository\io\quarkus\quarkus-vertx-http\2.7.5.Final\quarkus-vertx-http-2.7.5.Final.jar;C:\Users\enganga\.m2\repository\io\quarkus\quarkus-security-runtime-spi\2.7.5.Final\quarkus-security-runtime-spi-2.7.5.Final.jar;C:\Users\enganga\.m2\repository\io\quarkus\quarkus-vertx-http-dev-console-runtime-spi\2.7.5.Final\quarkus-vertx-http-dev-console-runtime-spi-2.7.5.Final.jar;C:\Users\enganga\.m2\repository\io\quarkus\security\quarkus-security\1.1.4.Final\quarkus-security-1.1.4.Final.jar;C:\Users\enganga\.m2\repository\io\smallrye\reactive\smallrye-mutiny-vertx-web\2.19.0\smallrye-mutiny-vertx-web-2.19.0.jar;C:\Users\enganga\.m2\repository\io\smallrye\reactive\smallrye-mutiny-vertx-web-common\2.19.0\smallrye-mutiny-vertx-web-common-2.19.0.jar;C:\Users\enganga\.m2\repository\io\smallrye\reactive\smallrye-mutiny-vertx-auth-common\2.19.0\smallrye-mutiny-vertx-auth-common-2.19.0.jar;C:\Users\enganga\.m2\repository\io\smallrye\reactive\smallrye-mutiny-vertx-bridge-common\2.19.0\smallrye-mutiny-vertx-bridge-common-2.19.0.jar;C:\Users\enganga\.m2\repository\io\quarkus\quarkus-jsonp\2.7.5.Final\quarkus-jsonp-2.7.5.Final.jar;C:\Users\enganga\.m2\repository\io\quarkus\quarkus-smallrye-reactive-messaging-kafka\2.7.5.Final\quarkus-smallrye-reactive-messaging-kafka-2.7.5.Final.jar;C:\Users\enganga\.m2\repository\io\quarkus\quarkus-kafka-client\2.7.5.Final\quarkus-kafka-client-2.7.5.Final.jar;C:\Users\enganga\.m2\repository\io\quarkus\quarkus-caffeine\2.7.5.Final\quarkus-caffeine-2.7.5.Final.jar;C:\Users\enganga\.m2\repository\com\github\ben-manes\caffeine\caffeine\2.9.3\caffeine-2.9.3.jar;C:\Users\enganga\.m2\repository\com\google\errorprone\error_prone_annotations\2.10.0\error_prone_annotations-2.10.0.jar;C:\Users\enganga\.m2\repository\io\smallrye\reactive\smallrye-reactive-messaging-kafka\3.13.0\smallrye-reactive-messaging-kafka-3.13.0.jar;C:\Users\enganga\.m2\repository\io\smallrye\reactive\smallrye-reactive-messaging-kafka-api\3.13.0\smallrye-reactive-messaging-kafka-api-3.13.0.jar;C:\Users\enganga\.m2\repository\io\opentelemetry\opentelemetry-api\1.9.1\opentelemetry-api-1.9.1.jar;C:\Users\enganga\.m2\repository\io\opentelemetry\opentelemetry-context\1.9.1\opentelemetry-context-1.9.1.jar;C:\Users\enganga\.m2\repository\io\opentelemetry\opentelemetry-semconv\1.9.0-alpha\opentelemetry-semconv-1.9.0-alpha.jar;C:\Users\enganga\.m2\repository\io\smallrye\reactive\smallrye-reactive-converter-api\2.6.0\smallrye-reactive-converter-api-2.6.0.jar;C:\Users\enganga\.m2\repository\io\smallrye\reactive\mutiny\1.4.0\mutiny-1.4.0.jar;C:\Users\enganga\.m2\repository\io\quarkus\quarkus-jackson\2.7.5.Final\quarkus-jackson-2.7.5.Final.jar;C:\Users\enganga\.m2\repository\com\fasterxml\jackson\core\jackson-databind\2.13.1\jackson-databind-2.13.1.jar;C:\Users\enganga\.m2\repository\com\fasterxml\jackson\core\jackson-annotations\2.13.1\jackson-annotations-2.13.1.jar;C:\Users\enganga\.m2\repository\com\fasterxml\jackson\datatype\jackson-datatype-jsr310\2.13.1\jackson-datatype-jsr310-2.13.1.jar;C:\Users\enganga\.m2\repository\com\fasterxml\jackson\datatype\jackson-datatype-jdk8\2.13.1\jackson-datatype-jdk8-2.13.1.jar;C:\Users\enganga\.m2\repository\com\fasterxml\jackson\module\jackson-module-parameter-names\2.13.1\jackson-module-parameter-names-2.13.1.jar;C:\Users\enganga\.m2\repository\org\apache\kafka\kafka-clients\3.1.0\kafka-clients-3.1.0.jar;C:\Users\enganga\.m2\repository\com\github\luben\zstd-jni\1.5.0-4\zstd-jni-1.5.0-4.jar;C:\Users\enganga\.m2\repository\org\lz4\lz4-java\1.8.0\lz4-java-1.8.0.jar;C:\Users\enganga\.m2\repository\org\xerial\snappy\snappy-java\1.1.8.4\snappy-java-1.1.8.4.jar;C:\Users\enganga\.m2\repository\io\vertx\vertx-kafka-client\4.2.5\vertx-kafka-client-4.2.5.jar;C:\Users\enganga\.m2\repository\io\quarkus\quarkus-smallrye-reactive-messaging\2.7.5.Final\quarkus-smallrye-reactive-messaging-2.7.5.Final.jar;C:\Users\enganga\.m2\repository\io\quarkus\quarkus-smallrye-reactive-messaging-kotlin\2.7.5.Final\quarkus-smallrye-reactive-messaging-kotlin-2.7.5.Final.jar;C:\Users\enganga\.m2\repository\io\smallrye\reactive\smallrye-reactive-messaging-health\3.13.0\smallrye-reactive-messaging-health-3.13.0.jar;C:\Users\enganga\.m2\repository\org\eclipse\microprofile\health\microprofile-health-api\3.1\microprofile-health-api-3.1.jar;C:\Users\enganga\.m2\repository\io\smallrye\reactive\smallrye-reactive-messaging-provider\3.13.0\smallrye-reactive-messaging-provider-3.13.0.jar;C:\Users\enganga\.m2\repository\io\smallrye\reactive\smallrye-reactive-messaging-api\3.13.0\smallrye-reactive-messaging-api-3.13.0.jar;C:\Users\enganga\.m2\repository\jakarta\annotation\jakarta.annotation-api\1.3.5\jakarta.annotation-api-1.3.5.jar;C:\Users\enganga\.m2\repository\io\quarkus\quarkus-mongodb-client\2.7.5.Final\quarkus-mongodb-client-2.7.5.Final.jar;C:\Users\enganga\.m2\repository\io\quarkus\quarkus-mutiny\2.7.5.Final\quarkus-mutiny-2.7.5.Final.jar;C:\Users\enganga\.m2\repository\io\smallrye\reactive\mutiny-smallrye-context-propagation\1.4.0\mutiny-smallrye-context-propagation-1.4.0.jar;C:\Users\enganga\.m2\repository\io\quarkus\quarkus-mutiny-reactive-streams-operators\2.7.5.Final\quarkus-mutiny-reactive-streams-operators-2.7.5.Final.jar;C:\Users\enganga\.m2\repository\org\eclipse\microprofile\reactive-streams-operators\microprofile-reactive-streams-operators-api\1.0.1\microprofile-reactive-streams-operators-api-1.0.1.jar;C:\Users\enganga\.m2\repository\org\eclipse\microprofile\reactive-streams-operators\microprofile-reactive-streams-operators-core\1.0.1\microprofile-reactive-streams-operators-core-1.0.1.jar;C:\Users\enganga\.m2\repository\io\smallrye\reactive\mutiny-reactive-streams-operators\1.4.0\mutiny-reactive-streams-operators-1.4.0.jar;C:\Users\enganga\.m2\repository\org\mongodb\mongodb-driver-sync\4.3.4\mongodb-driver-sync-4.3.4.jar;C:\Users\enganga\.m2\repository\org\mongodb\bson\4.3.4\bson-4.3.4.jar;C:\Users\enganga\.m2\repository\org\mongodb\mongodb-driver-core\4.3.4\mongodb-driver-core-4.3.4.jar;C:\Users\enganga\.m2\repository\org\mongodb\mongodb-driver-reactivestreams\4.3.4\mongodb-driver-reactivestreams-4.3.4.jar;C:\Users\enganga\.m2\repository\org\reactivestreams\reactive-streams\1.0.3\reactive-streams-1.0.3.jar;C:\Users\enganga\.m2\repository\io\projectreactor\reactor-core\3.2.22.RELEASE\reactor-core-3.2.22.RELEASE.jar;C:\Users\enganga\.m2\repository\org\mongodb\mongodb-crypt\1.2.1\mongodb-crypt-1.2.1.jar;C:\Users\enganga\.m2\repository\net\java\dev\jna\jna\5.8.0\jna-5.8.0.jar;C:\Users\enganga\.m2\repository\io\quarkus\quarkus-mongodb-panache\2.7.5.Final\quarkus-mongodb-panache-2.7.5.Final.jar;C:\Users\enganga\.m2\repository\io\quarkus\quarkus-panache-common\2.7.5.Final\quarkus-panache-common-2.7.5.Final.jar;C:\Users\enganga\.m2\repository\io\quarkus\quarkus-mongodb-panache-common\2.7.5.Final\quarkus-mongodb-panache-common-2.7.5.Final.jar;C:\Users\enganga\.m2\repository\io\quarkus\quarkus-panacheql\2.7.5.Final\quarkus-panacheql-2.7.5.Final.jar;C:\Users\enganga\.m2\repository\org\antlr\antlr4-runtime\4.9.2\antlr4-runtime-4.9.2.jar;C:\Users\enganga\.m2\repository\io\quarkus\quarkus-smallrye-openapi\2.7.5.Final\quarkus-smallrye-openapi-2.7.5.Final.jar;C:\Users\enganga\.m2\repository\io\smallrye\smallrye-open-api-core\2.1.21\smallrye-open-api-core-2.1.21.jar;C:\Users\enganga\.m2\repository\org\eclipse\microprofile\openapi\microprofile-openapi-api\2.0.1\microprofile-openapi-api-2.0.1.jar;C:\Users\enganga\.m2\repository\com\fasterxml\jackson\core\jackson-core\2.13.1\jackson-core-2.13.1.jar;C:\Users\enganga\.m2\repository\com\fasterxml\jackson\dataformat\jackson-dataformat-yaml\2.13.1\jackson-dataformat-yaml-2.13.1.jar;C:\Users\enganga\.m2\repository\org\yaml\snakeyaml\1.30\snakeyaml-1.30.jar;C:\Users\enganga\.m2\repository\org\jboss\jandex\2.4.2.Final\jandex-2.4.2.Final.jar;C:\Users\enganga\.m2\repository\io\quarkus\quarkus-swagger-ui\2.7.5.Final\quarkus-swagger-ui-2.7.5.Final.jar;C:\Users\enganga\.m2\repository\io\quarkus\quarkus-micrometer\2.7.5.Final\quarkus-micrometer-2.7.5.Final.jar;C:\Users\enganga\.m2\repository\io\micrometer\micrometer-core\1.8.3\micrometer-core-1.8.3.jar;C:\Users\enganga\.m2\repository\org\hdrhistogram\HdrHistogram\2.1.12\HdrHistogram-2.1.12.jar;C:\Users\enganga\.m2\repository\org\latencyutils\LatencyUtils\2.0.3\LatencyUtils-2.0.3.jar;C:\Users\enganga\.m2\repository\org\jboss\slf4j\slf4j-jboss-logmanager\1.1.0.Final\slf4j-jboss-logmanager-1.1.0.Final.jar;C:\Users\enganga\.m2\repository\org\glassfish\jakarta.json\1.1.6\jakarta.json-1.1.6.jar;C:\Users\enganga\.m2\repository\io\quarkus\quarkus-smallrye-opentracing\2.7.5.Final\quarkus-smallrye-opentracing-2.7.5.Final.jar;C:\Users\enganga\.m2\repository\org\eclipse\microprofile\config\microprofile-config-api\2.0.1\microprofile-config-api-2.0.1.jar;C:\Users\enganga\.m2\repository\org\eclipse\microprofile\opentracing\microprofile-opentracing-api\2.0\microprofile-opentracing-api-2.0.jar;C:\Users\enganga\.m2\repository\io\smallrye\smallrye-opentracing\2.0.1\smallrye-opentracing-2.0.1.jar;C:\Users\enganga\.m2\repository\org\eclipse\microprofile\rest\client\microprofile-rest-client-api\2.0\microprofile-rest-client-api-2.0.jar;C:\Users\enganga\.m2\repository\io\opentracing\contrib\opentracing-jaxrs2\1.0.0\opentracing-jaxrs2-1.0.0.jar;C:\Users\enganga\.m2\repository\io\opentracing\contrib\opentracing-web-servlet-filter\0.4.1\opentracing-web-servlet-filter-0.4.1.jar;C:\Users\enganga\.m2\repository\io\opentracing\contrib\opentracing-concurrent\0.4.0\opentracing-concurrent-0.4.0.jar;C:\Users\enganga\.m2\repository\io\opentracing\contrib\opentracing-interceptors\0.1.3\opentracing-interceptors-0.1.3.jar;C:\Users\enganga\.m2\repository\io\opentracing\contrib\opentracing-tracerresolver\0.1.8\opentracing-tracerresolver-0.1.8.jar;C:\Users\enganga\.m2\repository\io\smallrye\smallrye-fault-tolerance-tracing-propagation\5.2.1\smallrye-fault-tolerance-tracing-propagation-5.2.1.jar;C:\Users\enganga\.m2\repository\jakarta\inject\jakarta.inject-api\1.0\jakarta.inject-api-1.0.jar;C:\Users\enganga\.m2\repository\io\quarkus\quarkus-jaeger\2.7.5.Final\quarkus-jaeger-2.7.5.Final.jar;C:\Users\enganga\.m2\repository\io\jaegertracing\jaeger-core\1.8.0\jaeger-core-1.8.0.jar;C:\Users\enganga\.m2\repository\com\google\code\gson\gson\2.9.0\gson-2.9.0.jar;C:\Users\enganga\.m2\repository\io\jaegertracing\jaeger-thrift\1.8.0\jaeger-thrift-1.8.0.jar;C:\Users\enganga\.m2\repository\org\apache\thrift\libthrift\0.14.1\libthrift-0.14.1.jar;C:\Users\enganga\.m2\repository\com\squareup\okhttp3\okhttp\3.14.9\okhttp-3.14.9.jar;C:\Users\enganga\.m2\repository\com\squareup\okio\okio\1.17.2\okio-1.17.2.jar;C:\Users\enganga\.m2\repository\com\sun\activation\jakarta.activation\1.2.1\jakarta.activation-1.2.1.jar;C:\Users\enganga\.m2\repository\jakarta\servlet\jakarta.servlet-api\4.0.3\jakarta.servlet-api-4.0.3.jar;C:\Users\enganga\.m2\repository\io\quarkus\quarkus-flyway\2.7.5.Final\quarkus-flyway-2.7.5.Final.jar;C:\Users\enganga\.m2\repository\org\flywaydb\flyway-core\8.4.2\flyway-core-8.4.2.jar;C:\Users\enganga\.m2\repository\io\quarkus\quarkus-agroal\2.7.5.Final\quarkus-agroal-2.7.5.Final.jar;C:\Users\enganga\.m2\repository\org\jboss\narayana\jta\narayana-jta\5.12.4.Final\narayana-jta-5.12.4.Final.jar;C:\Users\enganga\.m2\repository\org\jboss\jboss-transaction-spi\7.6.0.Final\jboss-transaction-spi-7.6.0.Final.jar;C:\Users\enganga\.m2\repository\org\jboss\spec\javax\resource\jboss-connector-api_1.7_spec\1.0.0.Final\jboss-connector-api_1.7_spec-1.0.0.Final.jar;C:\Users\enganga\.m2\repository\org\jboss\narayana\jts\narayana-jts-integration\5.12.4.Final\narayana-jts-integration-5.12.4.Final.jar;C:\Users\enganga\.m2\repository\io\agroal\agroal-api\1.15\agroal-api-1.15.jar;C:\Users\enganga\.m2\repository\io\agroal\agroal-narayana\1.15\agroal-narayana-1.15.jar;C:\Users\enganga\.m2\repository\io\agroal\agroal-pool\1.15\agroal-pool-1.15.jar;C:\Users\enganga\.m2\repository\io\quarkus\quarkus-narayana-jta\2.7.5.Final\quarkus-narayana-jta-2.7.5.Final.jar;C:\Users\enganga\.m2\repository\io\smallrye\smallrye-context-propagation-jta\1.2.2\smallrye-context-propagation-jta-1.2.2.jar;C:\Users\enganga\.m2\repository\io\quarkus\quarkus-datasource-common\2.7.5.Final\quarkus-datasource-common-2.7.5.Final.jar;C:\Users\enganga\.m2\repository\io\quarkus\quarkus-jdbc-postgresql\2.7.5.Final\quarkus-jdbc-postgresql-2.7.5.Final.jar;C:\Users\enganga\.m2\repository\org\postgresql\postgresql\42.3.3\postgresql-42.3.3.jar;C:\Users\enganga\.m2\repository\io\quarkus\quarkus-smallrye-fault-tolerance\2.7.5.Final\quarkus-smallrye-fault-tolerance-2.7.5.Final.jar;C:\Users\enganga\.m2\repository\io\smallrye\smallrye-fault-tolerance\5.2.1\smallrye-fault-tolerance-5.2.1.jar;C:\Users\enganga\.m2\repository\org\eclipse\microprofile\fault-tolerance\microprofile-fault-tolerance-api\3.0\microprofile-fault-tolerance-api-3.0.jar;C:\Users\enganga\.m2\repository\io\smallrye\smallrye-fault-tolerance-api\5.2.1\smallrye-fault-tolerance-api-5.2.1.jar;C:\Users\enganga\.m2\repository\io\smallrye\smallrye-fault-tolerance-core\5.2.1\smallrye-fault-tolerance-core-5.2.1.jar;C:\Users\enganga\.m2\repository\io\smallrye\smallrye-fault-tolerance-autoconfig-core\5.2.1\smallrye-fault-tolerance-autoconfig-core-5.2.1.jar;C:\Users\enganga\.m2\repository\org\eclipse\microprofile\metrics\microprofile-metrics-api\3.0.1\microprofile-metrics-api-3.0.1.jar;C:\Users\enganga\.m2\repository\jakarta\enterprise\jakarta.enterprise.cdi-api\2.0.2\jakarta.enterprise.cdi-api-2.0.2.jar;C:\Users\enganga\.m2\repository\jakarta\el\jakarta.el-api\3.0.3\jakarta.el-api-3.0.3.jar;C:\Users\enganga\.m2\repository\jakarta\interceptor\jakarta.interceptor-api\1.2.5\jakarta.interceptor-api-1.2.5.jar;C:\Users\enganga\.m2\repository\org\jboss\logging\commons-logging-jboss-logging\1.0.0.Final\commons-logging-jboss-logging-1.0.0.Final.jar;C:\Users\enganga\.m2\repository\io\quarkus\quarkus-smallrye-context-propagation\2.7.5.Final\quarkus-smallrye-context-propagation-2.7.5.Final.jar;C:\Users\enganga\.m2\repository\io\smallrye\smallrye-context-propagation\1.2.2\smallrye-context-propagation-1.2.2.jar;C:\Users\enganga\.m2\repository\io\smallrye\smallrye-context-propagation-api\1.2.2\smallrye-context-propagation-api-1.2.2.jar;C:\Users\enganga\.m2\repository\io\smallrye\smallrye-context-propagation-storage\1.2.2\smallrye-context-propagation-storage-1.2.2.jar;C:\Users\enganga\.m2\repository\io\smallrye\smallrye-fault-tolerance-context-propagation\5.2.1\smallrye-fault-tolerance-context-propagation-5.2.1.jar;C:\Users\enganga\.m2\repository\io\smallrye\reactive\smallrye-reactive-converter-mutiny\2.6.0\smallrye-reactive-converter-mutiny-2.6.0.jar;C:\Users\enganga\.m2\repository\io\quarkus\quarkus-junit5\2.7.5.Final\quarkus-junit5-2.7.5.Final.jar;C:\Users\enganga\.m2\repository\io\quarkus\quarkus-bootstrap-core\2.7.5.Final\quarkus-bootstrap-core-2.7.5.Final.jar;C:\Users\enganga\.m2\repository\io\quarkus\quarkus-bootstrap-app-model\2.7.5.Final\quarkus-bootstrap-app-model-2.7.5.Final.jar;C:\Users\enganga\.m2\repository\io\quarkus\quarkus-bootstrap-maven-resolver\2.7.5.Final\quarkus-bootstrap-maven-resolver-2.7.5.Final.jar;C:\Users\enganga\.m2\repository\org\apache\maven\maven-embedder\3.8.4\maven-embedder-3.8.4.jar;C:\Users\enganga\.m2\repository\org\apache\maven\maven-settings\3.8.4\maven-settings-3.8.4.jar;C:\Users\enganga\.m2\repository\org\apache\maven\maven-core\3.8.4\maven-core-3.8.4.jar;C:\Users\enganga\.m2\repository\org\apache\maven\maven-artifact\3.8.4\maven-artifact-3.8.4.jar;C:\Users\enganga\.m2\repository\org\codehaus\plexus\plexus-component-annotations\2.1.0\plexus-component-annotations-2.1.0.jar;C:\Users\enganga\.m2\repository\org\apache\maven\maven-plugin-api\3.8.4\maven-plugin-api-3.8.4.jar;C:\Users\enganga\.m2\repository\org\apache\maven\maven-model\3.8.4\maven-model-3.8.4.jar;C:\Users\enganga\.m2\repository\org\apache\maven\maven-model-builder\3.8.4\maven-model-builder-3.8.4.jar;C:\Users\enganga\.m2\repository\org\apache\maven\maven-builder-support\3.8.4\maven-builder-support-3.8.4.jar;C:\Users\enganga\.m2\repository\org\apache\maven\resolver\maven-resolver-api\1.6.3\maven-resolver-api-1.6.3.jar;C:\Users\enganga\.m2\repository\org\apache\maven\resolver\maven-resolver-util\1.6.3\maven-resolver-util-1.6.3.jar;C:\Users\enganga\.m2\repository\org\apache\maven\shared\maven-shared-utils\3.3.4\maven-shared-utils-3.3.4.jar;C:\Users\enganga\.m2\repository\commons-io\commons-io\2.11.0\commons-io-2.11.0.jar;C:\Users\enganga\.m2\repository\com\google\inject\guice\4.2.2\guice-4.2.2-no_aop.jar;C:\Users\enganga\.m2\repository\com\google\guava\guava\30.1.1-jre\guava-30.1.1-jre.jar;C:\Users\enganga\.m2\repository\com\google\guava\failureaccess\1.0.1\failureaccess-1.0.1.jar;C:\Users\enganga\.m2\repository\org\codehaus\plexus\plexus-classworlds\2.6.0\plexus-classworlds-2.6.0.jar;C:\Users\enganga\.m2\repository\org\codehaus\plexus\plexus-sec-dispatcher\2.0\plexus-sec-dispatcher-2.0.jar;C:\Users\enganga\.m2\repository\org\codehaus\plexus\plexus-cipher\2.0\plexus-cipher-2.0.jar;C:\Users\enganga\.m2\repository\commons-cli\commons-cli\1.4\commons-cli-1.4.jar;C:\Users\enganga\.m2\repository\org\eclipse\sisu\org.eclipse.sisu.plexus\0.3.5\org.eclipse.sisu.plexus-0.3.5.jar;C:\Users\enganga\.m2\repository\org\apache\maven\maven-settings-builder\3.8.4\maven-settings-builder-3.8.4.jar;C:\Users\enganga\.m2\repository\org\codehaus\plexus\plexus-interpolation\1.26\plexus-interpolation-1.26.jar;C:\Users\enganga\.m2\repository\org\apache\maven\maven-resolver-provider\3.8.4\maven-resolver-provider-3.8.4.jar;C:\Users\enganga\.m2\repository\org\apache\maven\maven-repository-metadata\3.8.4\maven-repository-metadata-3.8.4.jar;C:\Users\enganga\.m2\repository\org\apache\maven\resolver\maven-resolver-spi\1.6.3\maven-resolver-spi-1.6.3.jar;C:\Users\enganga\.m2\repository\org\apache\maven\resolver\maven-resolver-impl\1.6.3\maven-resolver-impl-1.6.3.jar;C:\Users\enganga\.m2\repository\org\codehaus\plexus\plexus-utils\3.3.0\plexus-utils-3.3.0.jar;C:\Users\enganga\.m2\repository\org\apache\maven\resolver\maven-resolver-connector-basic\1.6.3\maven-resolver-connector-basic-1.6.3.jar;C:\Users\enganga\.m2\repository\org\apache\maven\resolver\maven-resolver-transport-wagon\1.6.3\maven-resolver-transport-wagon-1.6.3.jar;C:\Users\enganga\.m2\repository\org\apache\maven\wagon\wagon-http\3.4.3\wagon-http-3.4.3.jar;C:\Users\enganga\.m2\repository\org\apache\maven\wagon\wagon-http-shared\3.4.3\wagon-http-shared-3.4.3.jar;C:\Users\enganga\.m2\repository\org\jsoup\jsoup\1.14.2\jsoup-1.14.2.jar;C:\Users\enganga\.m2\repository\org\apache\maven\wagon\wagon-provider-api\3.4.3\wagon-provider-api-3.4.3.jar;C:\Users\enganga\.m2\repository\org\apache\maven\wagon\wagon-file\3.4.3\wagon-file-3.4.3.jar;C:\Users\enganga\.m2\repository\io\quarkus\quarkus-bootstrap-gradle-resolver\2.7.5.Final\quarkus-bootstrap-gradle-resolver-2.7.5.Final.jar;C:\Users\enganga\.m2\repository\io\smallrye\common\smallrye-common-io\1.10.0\smallrye-common-io-1.10.0.jar;C:\Users\enganga\.m2\repository\org\eclipse\sisu\org.eclipse.sisu.inject\0.3.5\org.eclipse.sisu.inject-0.3.5.jar;C:\Users\enganga\.m2\repository\io\quarkus\quarkus-test-common\2.7.5.Final\quarkus-test-common-2.7.5.Final.jar;C:\Users\enganga\.m2\repository\io\quarkus\quarkus-core-deployment\2.7.5.Final\quarkus-core-deployment-2.7.5.Final.jar;C:\Users\enganga\.m2\repository\org\aesh\readline\2.2\readline-2.2.jar;C:\Users\enganga\.m2\repository\org\fusesource\jansi\jansi\1.18\jansi-1.18.jar;C:\Users\enganga\.m2\repository\org\aesh\aesh\2.6\aesh-2.6.jar;C:\Users\enganga\.m2\repository\io\quarkus\gizmo\gizmo\1.0.10.Final\gizmo-1.0.10.Final.jar;C:\Users\enganga\.m2\repository\org\ow2\asm\asm-util\9.2\asm-util-9.2.jar;C:\Users\enganga\.m2\repository\org\ow2\asm\asm\9.2\asm-9.2.jar;C:\Users\enganga\.m2\repository\org\ow2\asm\asm-commons\9.2\asm-commons-9.2.jar;C:\Users\enganga\.m2\repository\org\ow2\asm\asm-tree\9.2\asm-tree-9.2.jar;C:\Users\enganga\.m2\repository\org\ow2\asm\asm-analysis\9.2\asm-analysis-9.2.jar;C:\Users\enganga\.m2\repository\io\quarkus\quarkus-class-change-agent\2.7.5.Final\quarkus-class-change-agent-2.7.5.Final.jar;C:\Users\enganga\.m2\repository\io\quarkus\quarkus-devtools-utilities\2.7.5.Final\quarkus-devtools-utilities-2.7.5.Final.jar;C:\Users\enganga\.m2\repository\io\quarkus\quarkus-builder\2.7.5.Final\quarkus-builder-2.7.5.Final.jar;C:\Users\enganga\.m2\repository\org\junit\platform\junit-platform-launcher\1.8.2\junit-platform-launcher-1.8.2.jar;C:\Users\enganga\.m2\repository\io\quarkus\quarkus-jsonp-deployment\2.7.5.Final\quarkus-jsonp-deployment-2.7.5.Final.jar;C:\Users\enganga\.m2\repository\io\quarkus\quarkus-junit5-properties\2.7.5.Final\quarkus-junit5-properties-2.7.5.Final.jar;C:\Users\enganga\.m2\repository\org\junit\jupiter\junit-jupiter\5.8.2\junit-jupiter-5.8.2.jar;C:\Users\enganga\.m2\repository\org\junit\jupiter\junit-jupiter-api\5.8.2\junit-jupiter-api-5.8.2.jar;C:\Users\enganga\.m2\repository\org\opentest4j\opentest4j\1.2.0\opentest4j-1.2.0.jar;C:\Users\enganga\.m2\repository\org\junit\platform\junit-platform-commons\1.8.2\junit-platform-commons-1.8.2.jar;C:\Users\enganga\.m2\repository\org\apiguardian\apiguardian-api\1.1.2\apiguardian-api-1.1.2.jar;C:\Users\enganga\.m2\repository\org\junit\jupiter\junit-jupiter-params\5.8.2\junit-jupiter-params-5.8.2.jar;C:\Users\enganga\.m2\repository\org\junit\jupiter\junit-jupiter-engine\5.8.2\junit-jupiter-engine-5.8.2.jar;C:\Users\enganga\.m2\repository\org\junit\platform\junit-platform-engine\1.8.2\junit-platform-engine-1.8.2.jar;C:\Users\enganga\.m2\repository\com\thoughtworks\xstream\xstream\1.4.19\xstream-1.4.19.jar;C:\Users\enganga\.m2\repository\io\github\x-stream\mxparser\1.2.2\mxparser-1.2.2.jar;C:\Users\enganga\.m2\repository\xmlpull\xmlpull\1.1.3.1\xmlpull-1.1.3.1.jar;C:\Users\enganga\.m2\repository\io\rest-assured\rest-assured\4.4.0\rest-assured-4.4.0.jar;C:\Users\enganga\.m2\repository\org\codehaus\groovy\groovy\3.0.8\groovy-3.0.8.jar;C:\Users\enganga\.m2\repository\org\codehaus\groovy\groovy-xml\3.0.8\groovy-xml-3.0.8.jar;C:\Users\enganga\.m2\repository\org\apache\httpcomponents\httpclient\4.5.13\httpclient-4.5.13.jar;C:\Users\enganga\.m2\repository\org\apache\httpcomponents\httpcore\4.4.15\httpcore-4.4.15.jar;C:\Users\enganga\.m2\repository\commons-codec\commons-codec\1.15\commons-codec-1.15.jar;C:\Users\enganga\.m2\repository\org\apache\httpcomponents\httpmime\4.5.13\httpmime-4.5.13.jar;C:\Users\enganga\.m2\repository\org\hamcrest\hamcrest\2.1\hamcrest-2.1.jar;C:\Users\enganga\.m2\repository\org\ccil\cowan\tagsoup\tagsoup\1.2.1\tagsoup-1.2.1.jar;C:\Users\enganga\.m2\repository\io\rest-assured\json-path\4.4.0\json-path-4.4.0.jar;C:\Users\enganga\.m2\repository\org\codehaus\groovy\groovy-json\3.0.8\groovy-json-3.0.8.jar;C:\Users\enganga\.m2\repository\io\rest-assured\rest-assured-common\4.4.0\rest-assured-common-4.4.0.jar;C:\Users\enganga\.m2\repository\io\rest-assured\xml-path\4.4.0\xml-path-4.4.0.jar;C:\Users\enganga\.m2\repository\org\apache\commons\commons-lang3\3.12.0\commons-lang3-3.12.0.jar;C:\Users\enganga\.m2\repository\jakarta\xml\bind\jakarta.xml.bind-api\2.3.3\jakarta.xml.bind-api-2.3.3.jar;C:\Users\enganga\.m2\repository\com\sun\xml\bind\jaxb-impl\2.3.3\jaxb-impl-2.3.3.jar;"/>
    <property name="JAEGER_SERVICE_NAME" value="microservices"/>
    <property name="sun.cpu.endian" value="little"/>
    <property name="user.home" value="C:\Users\enganga"/>
    <property name="user.language" value="en"/>
    <property name="java.specification.vendor" value="Oracle Corporation"/>
    <property name="io.netty.allocator.maxOrder" value="3"/>
    <property name="java.version.date" value="2022-08-18"/>
    <property name="java.home" value="C:\Program Files\Java\jdk-18.0.2.1"/>
    <property name="file.separator" value="\"/>
    <property name="basedir" value="C:\Users\enganga\Quarkus Projects\Java-Quarkus-Reactive-CQRS-EventSourcing"/>
    <property name="java.vm.compressedOopsMode" value="Zero based"/>
    <property name="line.separator" value="&#10;"/>
    <property name="java.vm.specification.vendor" value="Oracle Corporation"/>
    <property name="java.specification.name" value="Java Platform API Specification"/>
    <property name="surefire.real.class.path" value="C:\Users\enganga\AppData\Local\Temp\surefire13990448706637101374\surefirebooter9679663197047068895.jar"/>
    <property name="user.script" value=""/>
    <property name="sun.management.compiler" value="HotSpot 64-Bit Tiered Compilers"/>
    <property name="java.runtime.version" value="18.0.2.1+1-1"/>
    <property name="user.name" value="enganga"/>
    <property name="JAEGER_SAMPLER_PARAM" value="1"/>
    <property name="path.separator" value=";"/>
    <property name="os.version" value="10.0"/>
    <property name="java.runtime.name" value="Java(TM) SE Runtime Environment"/>
    <property name="file.encoding" value="UTF-8"/>
    <property name="java.vm.name" value="Java HotSpot(TM) 64-Bit Server VM"/>
    <property name="localRepository" value="C:\Users\enganga\.m2\repository"/>
    <property name="java.vendor.url.bug" value="https://bugreport.java.com/bugreport/"/>
    <property name="java.io.tmpdir" value="C:\Users\enganga\AppData\Local\Temp\"/>
    <property name="quarkus.log.file.path" value="target\quarkus.log"/>
    <property name="java.version" value="18.0.2.1"/>
    <property name="java.util.concurrent.ForkJoinPool.common.threadFactory" value="io.quarkus.bootstrap.forkjoin.QuarkusForkJoinWorkerThreadFactory"/>
    <property name="user.dir" value="C:\Users\enganga\Quarkus Projects\Java-Quarkus-Reactive-CQRS-EventSourcing"/>
    <property name="os.arch" value="amd64"/>
    <property name="java.vm.specification.name" value="Java Virtual Machine Specification"/>
    <property name="vertx.disableDnsResolver" value="true"/>
    <property name="sun.os.patch.level" value=""/>
    <property name="native.encoding" value="Cp1252"/>
    <property name="java.util.logging.manager" value="org.jboss.logmanager.LogManager"/>
    <property name="java.library.path" value="C:\Program Files\Java\jdk-18.0.2.1\bin;C:\WINDOWS\Sun\Java\bin;C:\WINDOWS\system32;C:\WINDOWS;C:\Program Files\WindowsApps\Microsoft.PowerShell_7.4.0.0_x64__8wekyb3d8bbwe;C:\Program Files\Common Files\Oracle\Java\javapath;C:\Program Files (x86)\Microsoft SDKs\Azure\CLI2\wbin;C:\WINDOWS\system32;C:\WINDOWS;C:\WINDOWS\System32\Wbem;C:\WINDOWS\System32\WindowsPowerShell\v1.0\;C:\WINDOWS\System32\OpenSSH\;C:\Program Files\Microsoft SQL Server\150\Tools\Binn\;C:\Program Files\nodejs\;C:\ProgramData\chocolatey\bin;C:\Program Files\Microsoft\Web Platform Installer\;C:\Program Files\Microsoft Service Fabric\bin\Fabric\Fabric.Code;C:\Program Files\Microsoft SDKs\Service Fabric\Tools\ServiceFabricLocalClusterManager;C:\Program Files (x86)\Microsoft SQL Server\150\DTS\Binn\;C:\Program Files\Azure Data Studio\bin;C:\Program Files\dotnet\;C:\Program Files\Microsoft SQL Server\Client SDK\ODBC\170\Tools\Binn\;C:\WINDOWS\system32;C:\WINDOWS;C:\WINDOWS\System32\Wbem;C:\WINDOWS\System32\WindowsPowerShell\v1.0\;C:\WINDOWS\System32\OpenSSH\;C:\Program Files\SafeNet\Authentication\SAC\x64;C:\Program Files\SafeNet\Authentication\SAC\x32;C:\apache-maven-3.8.6-bin\apache-maven-3.8.6\bin;C:\Program Files\Java\jdk-11\bin;C:\kafka\bin;C:\Program Files (x86)\Microsoft SQL Server\160\Tools\Binn\;C:\Program Files\Microsoft SQL Server\160\Tools\Binn\;C:\Program Files\Microsoft SQL Server\160\DTS\Binn\;C:\Program Files\Microsoft\Azure Functions Core Tools\;C:\Users\enganga\AppData\Roaming\Python\Python310\Scripts;C:\Program Files\sqlite;C:\Program Files\PostgreSQL\16;C:\Program Files\PostgreSQL\16\bin;C:\Program Files\Kubernetes\Minikube;C:\Program Files\CMake\bin;C:\Program Files\Git\cmd;C:\Program Files (x86)\Windows Kits\10\Windows Performance Toolkit\;C:\Program Files\Go\bin;C:\Program Files\Docker\Docker\resources\bin;C:\Users\enganga\.jbang\bin;C:\Users\enganga\.cargo\bin;C:\Users\enganga\AppData\Local\Microsoft\WindowsApps;C:\Users\enganga\AppData\Local\Programs\Microsoft VS Code\bin;C:\Users\enganga\AppData\Roaming\npm;C:\Program Files\Azure Data Studio\bin;C:\Users\enganga\.dotnet\tools;C:\apache-maven-3.8.6-bin\apache-maven-3.8.6\bin;C:\Program Files\Java\jdk-11\bin;C:\Users\enganga\AppData\Roaming\Python\Python310\Scripts;C:\kafka\bin;C:\Users\enganga\.dotnet\tools;C:\Program Files\JetBrains\PyCharm 2022.3.2\bin;;C:\Users\enganga\AppData\Local\Programs\Azure Dev CLI\;C:\Program Files\sqlite;C:\Users\enganga\go\bin;."/>
    <property name="java.vm.info" value="mixed mode, sharing"/>
    <property name="java.vendor" value="Oracle Corporation"/>
    <property name="vertx.disableTCCL" value="true"/>
    <property name="java.vm.version" value="18.0.2.1+1-1"/>
    <property name="sun.io.unicode.encoding" value="UnicodeLittle"/>
    <property name="JAEGER_SAMPLER_TYPE" value="const"/>
    <property name="io.netty.machineId" value="a5:d0:12:72:8e:43:26:ff"/>
    <property name="java.class.version" value="62.0"/>
    <property name="mp.openapi.extensions.smallrye.defaultConsumes" value="application/json"/>
  </properties>
  <testcase name="testHelloEndpoint" classname="org.acme.GreetingResourceTest" time="0.007">
    <error type="java.lang.RuntimeException"><![CDATA[java.lang.RuntimeException: java.lang.RuntimeException: Failed to start quarkus
Caused by: java.lang.RuntimeException: Failed to start quarkus
Caused by: org.flywaydb.core.internal.exception.FlywaySqlException: 
Unable to obtain connection from database: FATAL: password authentication failed for user "postgres"
----------------------------------------------------------------------------------------------------
SQL State  : 28P01
Error Code : 0
Message    : FATAL: password authentication failed for user "postgres"

Caused by: org.postgresql.util.PSQLException: FATAL: password authentication failed for user "postgres"
]]></error>
    <system-out><![CDATA[20:14:47 INFO  traceId=, parentId=, spanId=, [or.jb.threads]:52 (main) JBoss Threads version 3.4.2.Final
20:14:49 WARN  traceId=, parentId=, spanId=, [io.qu.mi.de.bi.mp.MicroprofileMetricsProcessor]:98 (build-52) This application uses the MP Metrics API. The micrometer extension currently provides a compatibility layer that supports the MP Metrics API, but metric names and recorded values will be different. Note that the MP Metrics compatibility layer will move to a different extension in the future.
20:14:49 WARN  traceId=, parentId=, spanId=, [io.qu.ar.pr.Methods]:274 (build-16) @Traced will have no effect on method es.EventStore.getAggregate() because the method is private
20:14:49 WARN  traceId=, parentId=, spanId=, [io.qu.ar.pr.Methods]:274 (build-16) @Traced will have no effect on method es.EventStore.getSnapshot() because the method is private
20:14:49 WARN  traceId=, parentId=, spanId=, [io.qu.ar.pr.Methods]:274 (build-16) @Traced will have no effect on method es.EventStore.getSnapshotFromClass() because the method is private
20:14:49 WARN  traceId=, parentId=, spanId=, [io.qu.ar.pr.Methods]:274 (build-16) @Traced will have no effect on method es.EventStore.handleConcurrency() because the method is private
20:14:49 WARN  traceId=, parentId=, spanId=, [io.qu.ar.pr.Methods]:274 (build-16) @Traced will have no effect on method es.EventStore.raiseAggregateEvents() because the method is private
20:14:49 WARN  traceId=, parentId=, spanId=, [io.qu.ar.pr.Methods]:274 (build-16) @Traced will have no effect on method es.EventStore.saveSnapshot() because the method is private
20:14:49 WARN  traceId=, parentId=, spanId=, [io.qu.ar.pr.Methods]:274 (build-16) Annotations @Retry(delay = 500,maxRetries = 3),@Timeout(value = 5000),@Traced will have no effect on method bankAccount.mongoProjection.BankAccountMongoProjection.handle() because the method is private
20:14:49 WARN  traceId=, parentId=, spanId=, [io.qu.ar.pr.Methods]:274 (build-16) Annotations @Retry(delay = 500,maxRetries = 3),@Timeout(value = 5000),@Traced will have no effect on method bankAccount.mongoProjection.BankAccountMongoProjection.handle() because the method is private
20:14:49 WARN  traceId=, parentId=, spanId=, [io.qu.ar.pr.Methods]:274 (build-16) Annotations @Retry(delay = 500,maxRetries = 3),@Timeout(value = 5000),@Traced will have no effect on method bankAccount.mongoProjection.BankAccountMongoProjection.handle() because the method is private
20:14:49 WARN  traceId=, parentId=, spanId=, [io.qu.ar.pr.Methods]:274 (build-16) Annotations @Retry(delay = 500,maxRetries = 3),@Timeout(value = 5000),@Traced will have no effect on method bankAccount.mongoProjection.BankAccountMongoProjection.handle() because the method is private
20:14:51 WARN  traceId=, parentId=, spanId=, [io.ag.pool]:83 (agroal-11) Datasource '<default>': FATAL: password authentication failed for user "postgres"
]]></system-out>
  </testcase>
</testsuite>